{"G:\\Projects\\DatetimeJS\\build\\datetime.all.js":{"path":"G:\\Projects\\DatetimeJS\\build\\datetime.all.js","statementMap":{"0":{"start":{"line":13,"column":0},"end":{"line":429,"column":89}},"1":{"start":{"line":16,"column":25},"end":{"line":16,"column":51}},"2":{"start":{"line":17,"column":23},"end":{"line":17,"column":37}},"3":{"start":{"line":18,"column":23},"end":{"line":18,"column":86}},"4":{"start":{"line":20,"column":4},"end":{"line":29,"column":5}},"5":{"start":{"line":31,"column":12},"end":{"line":42,"column":5}},"6":{"start":{"line":44,"column":12},"end":{"line":58,"column":5}},"7":{"start":{"line":60,"column":15},"end":{"line":66,"column":5}},"8":{"start":{"line":61,"column":19},"end":{"line":61,"column":25}},"9":{"start":{"line":62,"column":8},"end":{"line":64,"column":9}},"10":{"start":{"line":63,"column":12},"end":{"line":63,"column":24}},"11":{"start":{"line":65,"column":8},"end":{"line":65,"column":66}},"12":{"start":{"line":68,"column":14},"end":{"line":70,"column":5}},"13":{"start":{"line":69,"column":8},"end":{"line":69,"column":54}},"14":{"start":{"line":73,"column":19},"end":{"line":83,"column":5}},"15":{"start":{"line":76,"column":8},"end":{"line":78,"column":9}},"16":{"start":{"line":77,"column":12},"end":{"line":77,"column":40}},"17":{"start":{"line":80,"column":8},"end":{"line":80,"column":85}},"18":{"start":{"line":82,"column":8},"end":{"line":82,"column":85}},"19":{"start":{"line":86,"column":19},"end":{"line":97,"column":5}},"20":{"start":{"line":87,"column":19},"end":{"line":87,"column":43}},"21":{"start":{"line":88,"column":8},"end":{"line":88,"column":87}},"22":{"start":{"line":89,"column":8},"end":{"line":89,"column":27}},"23":{"start":{"line":90,"column":8},"end":{"line":90,"column":68}},"24":{"start":{"line":91,"column":8},"end":{"line":91,"column":29}},"25":{"start":{"line":92,"column":8},"end":{"line":92,"column":28}},"26":{"start":{"line":94,"column":8},"end":{"line":96,"column":9}},"27":{"start":{"line":95,"column":12},"end":{"line":95,"column":42}},"28":{"start":{"line":100,"column":4},"end":{"line":100,"column":45}},"29":{"start":{"line":101,"column":4},"end":{"line":101,"column":41}},"30":{"start":{"line":102,"column":4},"end":{"line":102,"column":41}},"31":{"start":{"line":104,"column":4},"end":{"line":104,"column":25}},"32":{"start":{"line":105,"column":4},"end":{"line":105,"column":23}},"33":{"start":{"line":107,"column":4},"end":{"line":109,"column":5}},"34":{"start":{"line":108,"column":8},"end":{"line":108,"column":39}},"35":{"start":{"line":111,"column":4},"end":{"line":113,"column":5}},"36":{"start":{"line":112,"column":8},"end":{"line":112,"column":53}},"37":{"start":{"line":115,"column":4},"end":{"line":117,"column":5}},"38":{"start":{"line":116,"column":8},"end":{"line":116,"column":50}},"39":{"start":{"line":119,"column":4},"end":{"line":121,"column":5}},"40":{"start":{"line":120,"column":8},"end":{"line":120,"column":58}},"41":{"start":{"line":123,"column":4},"end":{"line":125,"column":5}},"42":{"start":{"line":124,"column":8},"end":{"line":124,"column":41}},"43":{"start":{"line":127,"column":4},"end":{"line":146,"column":5}},"44":{"start":{"line":128,"column":19},"end":{"line":128,"column":58}},"45":{"start":{"line":131,"column":8},"end":{"line":144,"column":9}},"46":{"start":{"line":132,"column":23},"end":{"line":132,"column":43}},"47":{"start":{"line":132,"column":44},"end":{"line":132,"column":50}},"48":{"start":{"line":133,"column":23},"end":{"line":133,"column":66}},"49":{"start":{"line":133,"column":67},"end":{"line":133,"column":73}},"50":{"start":{"line":134,"column":23},"end":{"line":134,"column":66}},"51":{"start":{"line":134,"column":67},"end":{"line":134,"column":73}},"52":{"start":{"line":135,"column":23},"end":{"line":135,"column":66}},"53":{"start":{"line":135,"column":67},"end":{"line":135,"column":73}},"54":{"start":{"line":136,"column":23},"end":{"line":136,"column":66}},"55":{"start":{"line":136,"column":67},"end":{"line":136,"column":73}},"56":{"start":{"line":137,"column":23},"end":{"line":137,"column":66}},"57":{"start":{"line":137,"column":67},"end":{"line":137,"column":73}},"58":{"start":{"line":139,"column":16},"end":{"line":139,"column":38}},"59":{"start":{"line":140,"column":16},"end":{"line":140,"column":65}},"60":{"start":{"line":141,"column":16},"end":{"line":141,"column":22}},"61":{"start":{"line":143,"column":23},"end":{"line":143,"column":37}},"62":{"start":{"line":145,"column":8},"end":{"line":145,"column":22}},"63":{"start":{"line":148,"column":4},"end":{"line":170,"column":5}},"64":{"start":{"line":149,"column":19},"end":{"line":149,"column":58}},"65":{"start":{"line":152,"column":8},"end":{"line":167,"column":9}},"66":{"start":{"line":153,"column":23},"end":{"line":153,"column":45}},"67":{"start":{"line":153,"column":46},"end":{"line":153,"column":52}},"68":{"start":{"line":154,"column":23},"end":{"line":154,"column":62}},"69":{"start":{"line":154,"column":63},"end":{"line":154,"column":69}},"70":{"start":{"line":155,"column":23},"end":{"line":155,"column":70}},"71":{"start":{"line":155,"column":71},"end":{"line":155,"column":77}},"72":{"start":{"line":156,"column":23},"end":{"line":156,"column":70}},"73":{"start":{"line":156,"column":71},"end":{"line":156,"column":77}},"74":{"start":{"line":157,"column":23},"end":{"line":157,"column":70}},"75":{"start":{"line":157,"column":71},"end":{"line":157,"column":77}},"76":{"start":{"line":158,"column":23},"end":{"line":158,"column":94}},"77":{"start":{"line":158,"column":95},"end":{"line":158,"column":101}},"78":{"start":{"line":159,"column":23},"end":{"line":159,"column":79}},"79":{"start":{"line":159,"column":80},"end":{"line":159,"column":86}},"80":{"start":{"line":161,"column":16},"end":{"line":161,"column":38}},"81":{"start":{"line":162,"column":16},"end":{"line":162,"column":70}},"82":{"start":{"line":163,"column":16},"end":{"line":163,"column":22}},"83":{"start":{"line":166,"column":23},"end":{"line":166,"column":37}},"84":{"start":{"line":169,"column":8},"end":{"line":169,"column":22}},"85":{"start":{"line":173,"column":4},"end":{"line":187,"column":6}},"86":{"start":{"line":175,"column":21},"end":{"line":175,"column":37}},"87":{"start":{"line":177,"column":8},"end":{"line":184,"column":9}},"88":{"start":{"line":177,"column":21},"end":{"line":177,"column":22}},"89":{"start":{"line":178,"column":12},"end":{"line":183,"column":13}},"90":{"start":{"line":179,"column":16},"end":{"line":182,"column":17}},"91":{"start":{"line":180,"column":20},"end":{"line":181,"column":56}},"92":{"start":{"line":181,"column":24},"end":{"line":181,"column":56}},"93":{"start":{"line":186,"column":8},"end":{"line":186,"column":21}},"94":{"start":{"line":189,"column":4},"end":{"line":191,"column":5}},"95":{"start":{"line":190,"column":8},"end":{"line":190,"column":49}},"96":{"start":{"line":193,"column":4},"end":{"line":195,"column":5}},"97":{"start":{"line":194,"column":8},"end":{"line":194,"column":39}},"98":{"start":{"line":198,"column":4},"end":{"line":424,"column":5}},"99":{"start":{"line":200,"column":12},"end":{"line":200,"column":48}},"100":{"start":{"line":201,"column":12},"end":{"line":201,"column":24}},"101":{"start":{"line":205,"column":12},"end":{"line":205,"column":32}},"102":{"start":{"line":206,"column":12},"end":{"line":206,"column":24}},"103":{"start":{"line":210,"column":12},"end":{"line":210,"column":32}},"104":{"start":{"line":211,"column":12},"end":{"line":211,"column":24}},"105":{"start":{"line":215,"column":12},"end":{"line":218,"column":13}},"106":{"start":{"line":216,"column":16},"end":{"line":216,"column":64}},"107":{"start":{"line":217,"column":16},"end":{"line":217,"column":28}},"108":{"start":{"line":219,"column":12},"end":{"line":219,"column":30}},"109":{"start":{"line":220,"column":12},"end":{"line":220,"column":62}},"110":{"start":{"line":221,"column":12},"end":{"line":221,"column":24}},"111":{"start":{"line":225,"column":20},"end":{"line":225,"column":40}},"112":{"start":{"line":226,"column":12},"end":{"line":226,"column":35}},"113":{"start":{"line":227,"column":12},"end":{"line":227,"column":37}},"114":{"start":{"line":228,"column":12},"end":{"line":228,"column":41}},"115":{"start":{"line":229,"column":12},"end":{"line":229,"column":21}},"116":{"start":{"line":233,"column":12},"end":{"line":236,"column":13}},"117":{"start":{"line":234,"column":16},"end":{"line":234,"column":60}},"118":{"start":{"line":235,"column":16},"end":{"line":235,"column":28}},"119":{"start":{"line":238,"column":12},"end":{"line":238,"column":84}},"120":{"start":{"line":242,"column":12},"end":{"line":245,"column":13}},"121":{"start":{"line":243,"column":16},"end":{"line":243,"column":63}},"122":{"start":{"line":244,"column":16},"end":{"line":244,"column":28}},"123":{"start":{"line":247,"column":12},"end":{"line":247,"column":87}},"124":{"start":{"line":251,"column":12},"end":{"line":251,"column":39}},"125":{"start":{"line":255,"column":12},"end":{"line":256,"column":34}},"126":{"start":{"line":256,"column":16},"end":{"line":256,"column":34}},"127":{"start":{"line":258,"column":12},"end":{"line":261,"column":13}},"128":{"start":{"line":259,"column":16},"end":{"line":259,"column":33}},"129":{"start":{"line":260,"column":16},"end":{"line":260,"column":28}},"130":{"start":{"line":263,"column":12},"end":{"line":263,"column":33}},"131":{"start":{"line":267,"column":12},"end":{"line":267,"column":48}},"132":{"start":{"line":273,"column":21},"end":{"line":273,"column":76}},"133":{"start":{"line":274,"column":12},"end":{"line":277,"column":13}},"134":{"start":{"line":275,"column":16},"end":{"line":275,"column":34}},"135":{"start":{"line":276,"column":16},"end":{"line":276,"column":28}},"136":{"start":{"line":278,"column":24},"end":{"line":278,"column":36}},"137":{"start":{"line":279,"column":12},"end":{"line":279,"column":31}},"138":{"start":{"line":280,"column":12},"end":{"line":280,"column":25}},"139":{"start":{"line":284,"column":21},"end":{"line":284,"column":76}},"140":{"start":{"line":285,"column":12},"end":{"line":285,"column":36}},"141":{"start":{"line":289,"column":12},"end":{"line":291,"column":13}},"142":{"start":{"line":290,"column":16},"end":{"line":290,"column":39}},"143":{"start":{"line":292,"column":12},"end":{"line":292,"column":40}},"144":{"start":{"line":295,"column":27},"end":{"line":295,"column":56}},"145":{"start":{"line":296,"column":30},"end":{"line":296,"column":58}},"146":{"start":{"line":297,"column":30},"end":{"line":297,"column":58}},"147":{"start":{"line":298,"column":28},"end":{"line":298,"column":56}},"148":{"start":{"line":299,"column":27},"end":{"line":299,"column":55}},"149":{"start":{"line":300,"column":29},"end":{"line":300,"column":57}},"150":{"start":{"line":301,"column":28},"end":{"line":301,"column":56}},"151":{"start":{"line":302,"column":28},"end":{"line":302,"column":56}},"152":{"start":{"line":305,"column":12},"end":{"line":307,"column":13}},"153":{"start":{"line":306,"column":16},"end":{"line":306,"column":83}},"154":{"start":{"line":309,"column":23},"end":{"line":309,"column":37}},"155":{"start":{"line":310,"column":23},"end":{"line":310,"column":33}},"156":{"start":{"line":312,"column":12},"end":{"line":312,"column":40}},"157":{"start":{"line":314,"column":12},"end":{"line":314,"column":24}},"158":{"start":{"line":318,"column":12},"end":{"line":318,"column":89}},"159":{"start":{"line":322,"column":12},"end":{"line":322,"column":89}},"160":{"start":{"line":326,"column":12},"end":{"line":336,"column":13}},"161":{"start":{"line":327,"column":26},"end":{"line":327,"column":81}},"162":{"start":{"line":328,"column":26},"end":{"line":328,"column":76}},"163":{"start":{"line":329,"column":26},"end":{"line":329,"column":71}},"164":{"start":{"line":330,"column":27},"end":{"line":330,"column":65}},"165":{"start":{"line":331,"column":26},"end":{"line":331,"column":60}},"166":{"start":{"line":332,"column":26},"end":{"line":332,"column":64}},"167":{"start":{"line":333,"column":26},"end":{"line":333,"column":64}},"168":{"start":{"line":334,"column":26},"end":{"line":334,"column":62}},"169":{"start":{"line":335,"column":26},"end":{"line":335,"column":68}},"170":{"start":{"line":339,"column":29},"end":{"line":339,"column":52}},"171":{"start":{"line":340,"column":31},"end":{"line":340,"column":54}},"172":{"start":{"line":341,"column":31},"end":{"line":341,"column":55}},"173":{"start":{"line":342,"column":27},"end":{"line":342,"column":52}},"174":{"start":{"line":343,"column":28},"end":{"line":343,"column":51}},"175":{"start":{"line":344,"column":29},"end":{"line":344,"column":52}},"176":{"start":{"line":345,"column":30},"end":{"line":345,"column":54}},"177":{"start":{"line":346,"column":29},"end":{"line":346,"column":53}},"178":{"start":{"line":347,"column":32},"end":{"line":347,"column":56}},"179":{"start":{"line":350,"column":25},"end":{"line":350,"column":46}},"180":{"start":{"line":351,"column":24},"end":{"line":351,"column":64}},"181":{"start":{"line":352,"column":23},"end":{"line":352,"column":34}},"182":{"start":{"line":352,"column":44},"end":{"line":352,"column":56}},"183":{"start":{"line":352,"column":66},"end":{"line":352,"column":78}},"184":{"start":{"line":352,"column":86},"end":{"line":352,"column":96}},"185":{"start":{"line":352,"column":108},"end":{"line":352,"column":122}},"186":{"start":{"line":353,"column":23},"end":{"line":353,"column":34}},"187":{"start":{"line":353,"column":45},"end":{"line":353,"column":58}},"188":{"start":{"line":353,"column":69},"end":{"line":353,"column":82}},"189":{"start":{"line":353,"column":89},"end":{"line":353,"column":98}},"190":{"start":{"line":354,"column":26},"end":{"line":374,"column":13}},"191":{"start":{"line":376,"column":12},"end":{"line":378,"column":15}},"192":{"start":{"line":377,"column":16},"end":{"line":377,"column":95}},"193":{"start":{"line":382,"column":12},"end":{"line":382,"column":40}},"194":{"start":{"line":386,"column":12},"end":{"line":386,"column":45}},"195":{"start":{"line":390,"column":12},"end":{"line":390,"column":51}},"196":{"start":{"line":394,"column":12},"end":{"line":394,"column":47}},"197":{"start":{"line":398,"column":12},"end":{"line":398,"column":51}},"198":{"start":{"line":402,"column":12},"end":{"line":402,"column":41}},"199":{"start":{"line":406,"column":12},"end":{"line":406,"column":39}},"200":{"start":{"line":410,"column":12},"end":{"line":410,"column":41}},"201":{"start":{"line":414,"column":12},"end":{"line":414,"column":44}},"202":{"start":{"line":418,"column":12},"end":{"line":418,"column":44}},"203":{"start":{"line":422,"column":12},"end":{"line":422,"column":44}},"204":{"start":{"line":426,"column":4},"end":{"line":426,"column":31}},"205":{"start":{"line":427,"column":4},"end":{"line":427,"column":31}},"206":{"start":{"line":435,"column":0},"end":{"line":442,"column":3}},"207":{"start":{"line":448,"column":0},"end":{"line":455,"column":3}},"208":{"start":{"line":461,"column":0},"end":{"line":468,"column":3}},"209":{"start":{"line":474,"column":0},"end":{"line":481,"column":3}},"210":{"start":{"line":487,"column":0},"end":{"line":494,"column":3}},"211":{"start":{"line":500,"column":0},"end":{"line":507,"column":3}},"212":{"start":{"line":513,"column":0},"end":{"line":520,"column":3}},"213":{"start":{"line":526,"column":0},"end":{"line":533,"column":3}},"214":{"start":{"line":539,"column":0},"end":{"line":546,"column":3}},"215":{"start":{"line":552,"column":0},"end":{"line":559,"column":3}},"216":{"start":{"line":565,"column":0},"end":{"line":572,"column":3}},"217":{"start":{"line":578,"column":0},"end":{"line":585,"column":3}},"218":{"start":{"line":591,"column":0},"end":{"line":599,"column":3}},"219":{"start":{"line":605,"column":0},"end":{"line":613,"column":3}},"220":{"start":{"line":619,"column":0},"end":{"line":626,"column":3}},"221":{"start":{"line":632,"column":0},"end":{"line":654,"column":5}},"222":{"start":{"line":635,"column":19},"end":{"line":635,"column":44}},"223":{"start":{"line":637,"column":4},"end":{"line":653,"column":7}},"224":{"start":{"line":639,"column":12},"end":{"line":639,"column":37}},"225":{"start":{"line":643,"column":12},"end":{"line":643,"column":55}},"226":{"start":{"line":644,"column":26},"end":{"line":647,"column":13}},"227":{"start":{"line":648,"column":25},"end":{"line":650,"column":14}},"228":{"start":{"line":649,"column":16},"end":{"line":649,"column":47}},"229":{"start":{"line":651,"column":12},"end":{"line":651,"column":54}},"230":{"start":{"line":660,"column":0},"end":{"line":720,"column":5}},"231":{"start":{"line":663,"column":4},"end":{"line":667,"column":7}},"232":{"start":{"line":665,"column":12},"end":{"line":665,"column":48}},"233":{"start":{"line":669,"column":4},"end":{"line":719,"column":7}},"234":{"start":{"line":671,"column":23},"end":{"line":671,"column":85}},"235":{"start":{"line":672,"column":21},"end":{"line":672,"column":60}},"236":{"start":{"line":673,"column":21},"end":{"line":673,"column":60}},"237":{"start":{"line":674,"column":24},"end":{"line":674,"column":54}},"238":{"start":{"line":675,"column":22},"end":{"line":675,"column":32}},"239":{"start":{"line":677,"column":30},"end":{"line":683,"column":13}},"240":{"start":{"line":678,"column":16},"end":{"line":680,"column":17}},"241":{"start":{"line":679,"column":20},"end":{"line":679,"column":30}},"242":{"start":{"line":681,"column":25},"end":{"line":681,"column":30}},"243":{"start":{"line":682,"column":16},"end":{"line":682,"column":48}},"244":{"start":{"line":685,"column":25},"end":{"line":693,"column":13}},"245":{"start":{"line":695,"column":12},"end":{"line":695,"column":42}},"246":{"start":{"line":697,"column":12},"end":{"line":700,"column":13}},"247":{"start":{"line":698,"column":16},"end":{"line":698,"column":60}},"248":{"start":{"line":699,"column":16},"end":{"line":699,"column":35}},"249":{"start":{"line":702,"column":12},"end":{"line":707,"column":15}},"250":{"start":{"line":703,"column":26},"end":{"line":703,"column":60}},"251":{"start":{"line":704,"column":26},"end":{"line":704,"column":61}},"252":{"start":{"line":706,"column":16},"end":{"line":706,"column":76}},"253":{"start":{"line":709,"column":12},"end":{"line":709,"column":31}},"254":{"start":{"line":710,"column":12},"end":{"line":710,"column":57}},"255":{"start":{"line":711,"column":12},"end":{"line":711,"column":42}},"256":{"start":{"line":712,"column":12},"end":{"line":715,"column":13}},"257":{"start":{"line":713,"column":16},"end":{"line":713,"column":60}},"258":{"start":{"line":714,"column":16},"end":{"line":714,"column":35}},"259":{"start":{"line":717,"column":12},"end":{"line":717,"column":26}},"260":{"start":{"line":726,"column":0},"end":{"line":747,"column":5}},"261":{"start":{"line":729,"column":20},"end":{"line":729,"column":45}},"262":{"start":{"line":731,"column":4},"end":{"line":746,"column":6}},"263":{"start":{"line":733,"column":12},"end":{"line":733,"column":47}},"264":{"start":{"line":737,"column":12},"end":{"line":737,"column":55}},"265":{"start":{"line":738,"column":26},"end":{"line":740,"column":13}},"266":{"start":{"line":741,"column":25},"end":{"line":743,"column":14}},"267":{"start":{"line":742,"column":16},"end":{"line":742,"column":47}},"268":{"start":{"line":744,"column":12},"end":{"line":744,"column":55}},"269":{"start":{"line":753,"column":0},"end":{"line":844,"column":5}},"270":{"start":{"line":756,"column":4},"end":{"line":843,"column":6}},"271":{"start":{"line":758,"column":12},"end":{"line":758,"column":54}},"272":{"start":{"line":765,"column":23},"end":{"line":765,"column":34}},"273":{"start":{"line":766,"column":23},"end":{"line":766,"column":35}},"274":{"start":{"line":769,"column":12},"end":{"line":769,"column":39}},"275":{"start":{"line":771,"column":12},"end":{"line":773,"column":13}},"276":{"start":{"line":772,"column":16},"end":{"line":772,"column":31}},"277":{"start":{"line":775,"column":12},"end":{"line":775,"column":50}},"278":{"start":{"line":777,"column":12},"end":{"line":777,"column":42}},"279":{"start":{"line":778,"column":12},"end":{"line":778,"column":42}},"280":{"start":{"line":780,"column":12},"end":{"line":793,"column":13}},"281":{"start":{"line":782,"column":20},"end":{"line":782,"column":35}},"282":{"start":{"line":784,"column":20},"end":{"line":784,"column":35}},"283":{"start":{"line":786,"column":20},"end":{"line":786,"column":36}},"284":{"start":{"line":788,"column":20},"end":{"line":788,"column":36}},"285":{"start":{"line":790,"column":20},"end":{"line":790,"column":37}},"286":{"start":{"line":792,"column":20},"end":{"line":792,"column":37}},"287":{"start":{"line":797,"column":12},"end":{"line":797,"column":54}},"288":{"start":{"line":801,"column":12},"end":{"line":801,"column":50}},"289":{"start":{"line":805,"column":12},"end":{"line":805,"column":51}},"290":{"start":{"line":809,"column":12},"end":{"line":809,"column":50}},"291":{"start":{"line":813,"column":12},"end":{"line":813,"column":51}},"292":{"start":{"line":817,"column":12},"end":{"line":817,"column":50}},"293":{"start":{"line":821,"column":12},"end":{"line":821,"column":51}},"294":{"start":{"line":825,"column":23},"end":{"line":825,"column":34}},"295":{"start":{"line":826,"column":23},"end":{"line":826,"column":58}},"296":{"start":{"line":827,"column":28},"end":{"line":827,"column":102}},"297":{"start":{"line":829,"column":12},"end":{"line":837,"column":13}},"298":{"start":{"line":841,"column":12},"end":{"line":841,"column":39}},"299":{"start":{"line":853,"column":0},"end":{"line":864,"column":5}},"300":{"start":{"line":856,"column":4},"end":{"line":863,"column":6}},"301":{"start":{"line":858,"column":27},"end":{"line":858,"column":82}},"302":{"start":{"line":859,"column":24},"end":{"line":859,"column":36}},"303":{"start":{"line":860,"column":22},"end":{"line":860,"column":32}},"304":{"start":{"line":861,"column":12},"end":{"line":861,"column":86}},"305":{"start":{"line":870,"column":0},"end":{"line":909,"column":5}},"306":{"start":{"line":873,"column":4},"end":{"line":908,"column":6}},"307":{"start":{"line":875,"column":23},"end":{"line":875,"column":35}},"308":{"start":{"line":876,"column":12},"end":{"line":876,"column":68}},"309":{"start":{"line":880,"column":12},"end":{"line":880,"column":49}},"310":{"start":{"line":884,"column":25},"end":{"line":884,"column":27}},"311":{"start":{"line":885,"column":23},"end":{"line":885,"column":35}},"312":{"start":{"line":887,"column":12},"end":{"line":887,"column":33}},"313":{"start":{"line":889,"column":12},"end":{"line":893,"column":13}},"314":{"start":{"line":889,"column":24},"end":{"line":889,"column":25}},"315":{"start":{"line":890,"column":16},"end":{"line":890,"column":52}},"316":{"start":{"line":891,"column":16},"end":{"line":891,"column":40}},"317":{"start":{"line":892,"column":16},"end":{"line":892,"column":44}},"318":{"start":{"line":894,"column":12},"end":{"line":894,"column":26}},"319":{"start":{"line":898,"column":22},"end":{"line":898,"column":42}},"320":{"start":{"line":899,"column":25},"end":{"line":899,"column":27}},"321":{"start":{"line":900,"column":24},"end":{"line":900,"column":64}},"322":{"start":{"line":902,"column":12},"end":{"line":904,"column":15}},"323":{"start":{"line":903,"column":16},"end":{"line":903,"column":75}},"324":{"start":{"line":906,"column":12},"end":{"line":906,"column":26}},"325":{"start":{"line":915,"column":0},"end":{"line":946,"column":5}},"326":{"start":{"line":918,"column":4},"end":{"line":945,"column":6}},"327":{"start":{"line":920,"column":12},"end":{"line":920,"column":51}},"328":{"start":{"line":924,"column":25},"end":{"line":924,"column":38}},"329":{"start":{"line":925,"column":25},"end":{"line":925,"column":59}},"330":{"start":{"line":927,"column":12},"end":{"line":927,"column":55}},"331":{"start":{"line":931,"column":25},"end":{"line":931,"column":42}},"332":{"start":{"line":932,"column":25},"end":{"line":932,"column":59}},"333":{"start":{"line":934,"column":12},"end":{"line":934,"column":57}},"334":{"start":{"line":938,"column":23},"end":{"line":938,"column":83}},"335":{"start":{"line":939,"column":22},"end":{"line":939,"column":32}},"336":{"start":{"line":941,"column":12},"end":{"line":941,"column":38}},"337":{"start":{"line":941,"column":29},"end":{"line":941,"column":38}},"338":{"start":{"line":942,"column":12},"end":{"line":942,"column":42}},"339":{"start":{"line":942,"column":33},"end":{"line":942,"column":42}},"340":{"start":{"line":943,"column":12},"end":{"line":943,"column":21}},"341":{"start":{"line":952,"column":0},"end":{"line":999,"column":5}},"342":{"start":{"line":955,"column":19},"end":{"line":955,"column":44}},"343":{"start":{"line":956,"column":15},"end":{"line":956,"column":28}},"344":{"start":{"line":958,"column":4},"end":{"line":998,"column":6}},"345":{"start":{"line":960,"column":22},"end":{"line":960,"column":52}},"346":{"start":{"line":961,"column":12},"end":{"line":961,"column":57}},"347":{"start":{"line":965,"column":23},"end":{"line":965,"column":24}},"348":{"start":{"line":967,"column":12},"end":{"line":969,"column":13}},"349":{"start":{"line":968,"column":16},"end":{"line":968,"column":40}},"350":{"start":{"line":971,"column":12},"end":{"line":971,"column":26}},"351":{"start":{"line":973,"column":12},"end":{"line":975,"column":13}},"352":{"start":{"line":974,"column":16},"end":{"line":974,"column":27}},"353":{"start":{"line":977,"column":12},"end":{"line":977,"column":35}},"354":{"start":{"line":981,"column":39},"end":{"line":981,"column":52}},"355":{"start":{"line":983,"column":12},"end":{"line":983,"column":55}},"356":{"start":{"line":985,"column":12},"end":{"line":990,"column":14}},"357":{"start":{"line":992,"column":12},"end":{"line":994,"column":15}},"358":{"start":{"line":993,"column":16},"end":{"line":993,"column":87}},"359":{"start":{"line":996,"column":12},"end":{"line":996,"column":54}},"360":{"start":{"line":1005,"column":0},"end":{"line":1014,"column":5}},"361":{"start":{"line":1008,"column":4},"end":{"line":1013,"column":6}},"362":{"start":{"line":1010,"column":23},"end":{"line":1010,"column":34}},"363":{"start":{"line":1011,"column":12},"end":{"line":1011,"column":76}},"364":{"start":{"line":1020,"column":0},"end":{"line":1081,"column":5}},"365":{"start":{"line":1023,"column":19},"end":{"line":1023,"column":44}},"366":{"start":{"line":1024,"column":18},"end":{"line":1024,"column":32}},"367":{"start":{"line":1025,"column":21},"end":{"line":1025,"column":38}},"368":{"start":{"line":1027,"column":4},"end":{"line":1059,"column":6}},"369":{"start":{"line":1029,"column":23},"end":{"line":1029,"column":62}},"370":{"start":{"line":1032,"column":12},"end":{"line":1039,"column":13}},"371":{"start":{"line":1034,"column":20},"end":{"line":1034,"column":45}},"372":{"start":{"line":1035,"column":20},"end":{"line":1035,"column":68}},"373":{"start":{"line":1036,"column":20},"end":{"line":1036,"column":26}},"374":{"start":{"line":1038,"column":25},"end":{"line":1038,"column":69}},"375":{"start":{"line":1041,"column":12},"end":{"line":1041,"column":26}},"376":{"start":{"line":1045,"column":23},"end":{"line":1045,"column":62}},"377":{"start":{"line":1048,"column":12},"end":{"line":1055,"column":13}},"378":{"start":{"line":1050,"column":20},"end":{"line":1050,"column":45}},"379":{"start":{"line":1051,"column":20},"end":{"line":1051,"column":70}},"380":{"start":{"line":1052,"column":20},"end":{"line":1052,"column":26}},"381":{"start":{"line":1054,"column":25},"end":{"line":1054,"column":72}},"382":{"start":{"line":1057,"column":12},"end":{"line":1057,"column":26}},"383":{"start":{"line":1061,"column":4},"end":{"line":1080,"column":6}},"384":{"start":{"line":1063,"column":12},"end":{"line":1065,"column":13}},"385":{"start":{"line":1064,"column":16},"end":{"line":1064,"column":52}},"386":{"start":{"line":1067,"column":12},"end":{"line":1067,"column":51}},"387":{"start":{"line":1071,"column":12},"end":{"line":1071,"column":55}},"388":{"start":{"line":1072,"column":26},"end":{"line":1074,"column":13}},"389":{"start":{"line":1075,"column":25},"end":{"line":1077,"column":14}},"390":{"start":{"line":1076,"column":16},"end":{"line":1076,"column":47}},"391":{"start":{"line":1078,"column":12},"end":{"line":1078,"column":54}},"392":{"start":{"line":1087,"column":0},"end":{"line":1201,"column":5}},"393":{"start":{"line":1090,"column":4},"end":{"line":1199,"column":6}},"394":{"start":{"line":1097,"column":27},"end":{"line":1101,"column":13}},"395":{"start":{"line":1098,"column":16},"end":{"line":1100,"column":47}},"396":{"start":{"line":1099,"column":20},"end":{"line":1099,"column":44}},"397":{"start":{"line":1103,"column":36},"end":{"line":1121,"column":13}},"398":{"start":{"line":1104,"column":24},"end":{"line":1104,"column":26}},"399":{"start":{"line":1105,"column":28},"end":{"line":1105,"column":61}},"400":{"start":{"line":1107,"column":16},"end":{"line":1107,"column":51}},"401":{"start":{"line":1107,"column":41},"end":{"line":1107,"column":51}},"402":{"start":{"line":1109,"column":16},"end":{"line":1109,"column":50}},"403":{"start":{"line":1111,"column":16},"end":{"line":1113,"column":17}},"404":{"start":{"line":1112,"column":20},"end":{"line":1112,"column":62}},"405":{"start":{"line":1115,"column":16},"end":{"line":1118,"column":17}},"406":{"start":{"line":1116,"column":20},"end":{"line":1116,"column":47}},"407":{"start":{"line":1117,"column":20},"end":{"line":1117,"column":59}},"408":{"start":{"line":1120,"column":16},"end":{"line":1120,"column":45}},"409":{"start":{"line":1123,"column":31},"end":{"line":1149,"column":13}},"410":{"start":{"line":1124,"column":28},"end":{"line":1131,"column":17}},"411":{"start":{"line":1133,"column":29},"end":{"line":1133,"column":31}},"412":{"start":{"line":1135,"column":16},"end":{"line":1137,"column":17}},"413":{"start":{"line":1136,"column":20},"end":{"line":1136,"column":34}},"414":{"start":{"line":1139,"column":16},"end":{"line":1146,"column":17}},"415":{"start":{"line":1139,"column":28},"end":{"line":1139,"column":29}},"416":{"start":{"line":1140,"column":20},"end":{"line":1140,"column":41}},"417":{"start":{"line":1141,"column":20},"end":{"line":1141,"column":48}},"418":{"start":{"line":1142,"column":20},"end":{"line":1145,"column":21}},"419":{"start":{"line":1143,"column":24},"end":{"line":1143,"column":39}},"420":{"start":{"line":1144,"column":24},"end":{"line":1144,"column":30}},"421":{"start":{"line":1148,"column":16},"end":{"line":1148,"column":30}},"422":{"start":{"line":1151,"column":12},"end":{"line":1153,"column":13}},"423":{"start":{"line":1152,"column":16},"end":{"line":1152,"column":34}},"424":{"start":{"line":1156,"column":12},"end":{"line":1156,"column":50}},"425":{"start":{"line":1158,"column":12},"end":{"line":1158,"column":77}},"426":{"start":{"line":1159,"column":12},"end":{"line":1159,"column":43}},"427":{"start":{"line":1160,"column":12},"end":{"line":1160,"column":37}},"428":{"start":{"line":1162,"column":12},"end":{"line":1164,"column":13}},"429":{"start":{"line":1163,"column":16},"end":{"line":1163,"column":45}},"430":{"start":{"line":1166,"column":12},"end":{"line":1166,"column":43}},"431":{"start":{"line":1167,"column":12},"end":{"line":1167,"column":39}},"432":{"start":{"line":1168,"column":12},"end":{"line":1168,"column":41}},"433":{"start":{"line":1169,"column":12},"end":{"line":1169,"column":41}},"434":{"start":{"line":1170,"column":12},"end":{"line":1170,"column":45}},"435":{"start":{"line":1171,"column":12},"end":{"line":1171,"column":45}},"436":{"start":{"line":1173,"column":12},"end":{"line":1187,"column":13}},"437":{"start":{"line":1174,"column":16},"end":{"line":1184,"column":17}},"438":{"start":{"line":1175,"column":20},"end":{"line":1175,"column":71}},"439":{"start":{"line":1176,"column":20},"end":{"line":1178,"column":21}},"440":{"start":{"line":1177,"column":24},"end":{"line":1177,"column":53}},"441":{"start":{"line":1180,"column":20},"end":{"line":1180,"column":59}},"442":{"start":{"line":1181,"column":20},"end":{"line":1183,"column":21}},"443":{"start":{"line":1182,"column":24},"end":{"line":1182,"column":53}},"444":{"start":{"line":1186,"column":16},"end":{"line":1186,"column":45}},"445":{"start":{"line":1189,"column":12},"end":{"line":1189,"column":71}},"446":{"start":{"line":1190,"column":12},"end":{"line":1190,"column":74}},"447":{"start":{"line":1191,"column":12},"end":{"line":1191,"column":68}},"448":{"start":{"line":1193,"column":12},"end":{"line":1193,"column":73}},"449":{"start":{"line":1194,"column":12},"end":{"line":1194,"column":79}},"450":{"start":{"line":1195,"column":12},"end":{"line":1195,"column":79}},"451":{"start":{"line":1197,"column":12},"end":{"line":1197,"column":70}},"452":{"start":{"line":1207,"column":0},"end":{"line":1249,"column":5}},"453":{"start":{"line":1210,"column":18},"end":{"line":1210,"column":32}},"454":{"start":{"line":1211,"column":21},"end":{"line":1211,"column":38}},"455":{"start":{"line":1213,"column":4},"end":{"line":1237,"column":6}},"456":{"start":{"line":1215,"column":23},"end":{"line":1215,"column":62}},"457":{"start":{"line":1218,"column":12},"end":{"line":1221,"column":13}},"458":{"start":{"line":1219,"column":33},"end":{"line":1219,"column":107}},"459":{"start":{"line":1219,"column":108},"end":{"line":1219,"column":114}},"460":{"start":{"line":1220,"column":25},"end":{"line":1220,"column":69}},"461":{"start":{"line":1223,"column":12},"end":{"line":1223,"column":26}},"462":{"start":{"line":1227,"column":23},"end":{"line":1227,"column":62}},"463":{"start":{"line":1230,"column":12},"end":{"line":1233,"column":13}},"464":{"start":{"line":1231,"column":33},"end":{"line":1231,"column":104}},"465":{"start":{"line":1231,"column":105},"end":{"line":1231,"column":111}},"466":{"start":{"line":1232,"column":25},"end":{"line":1232,"column":72}},"467":{"start":{"line":1235,"column":12},"end":{"line":1235,"column":26}},"468":{"start":{"line":1239,"column":4},"end":{"line":1248,"column":6}},"469":{"start":{"line":1241,"column":24},"end":{"line":1241,"column":36}},"470":{"start":{"line":1243,"column":12},"end":{"line":1243,"column":37}},"471":{"start":{"line":1243,"column":28},"end":{"line":1243,"column":37}},"472":{"start":{"line":1244,"column":12},"end":{"line":1244,"column":37}},"473":{"start":{"line":1244,"column":28},"end":{"line":1244,"column":37}},"474":{"start":{"line":1245,"column":12},"end":{"line":1245,"column":37}},"475":{"start":{"line":1245,"column":28},"end":{"line":1245,"column":37}},"476":{"start":{"line":1246,"column":12},"end":{"line":1246,"column":21}},"477":{"start":{"line":1255,"column":0},"end":{"line":1295,"column":5}},"478":{"start":{"line":1258,"column":4},"end":{"line":1294,"column":6}},"479":{"start":{"line":1261,"column":20},"end":{"line":1261,"column":55}},"480":{"start":{"line":1263,"column":12},"end":{"line":1263,"column":84}},"481":{"start":{"line":1263,"column":49},"end":{"line":1263,"column":84}},"482":{"start":{"line":1264,"column":12},"end":{"line":1264,"column":60}},"483":{"start":{"line":1264,"column":46},"end":{"line":1264,"column":60}},"484":{"start":{"line":1265,"column":12},"end":{"line":1265,"column":75}},"485":{"start":{"line":1265,"column":51},"end":{"line":1265,"column":75}},"486":{"start":{"line":1267,"column":12},"end":{"line":1271,"column":15}},"487":{"start":{"line":1268,"column":16},"end":{"line":1268,"column":36}},"488":{"start":{"line":1270,"column":16},"end":{"line":1270,"column":49}},"489":{"start":{"line":1273,"column":12},"end":{"line":1275,"column":13}},"490":{"start":{"line":1274,"column":16},"end":{"line":1274,"column":31}},"491":{"start":{"line":1277,"column":12},"end":{"line":1290,"column":13}},"492":{"start":{"line":1279,"column":20},"end":{"line":1281,"column":23}},"493":{"start":{"line":1280,"column":24},"end":{"line":1280,"column":50}},"494":{"start":{"line":1282,"column":20},"end":{"line":1282,"column":26}},"495":{"start":{"line":1284,"column":20},"end":{"line":1286,"column":23}},"496":{"start":{"line":1285,"column":24},"end":{"line":1285,"column":40}},"497":{"start":{"line":1287,"column":20},"end":{"line":1287,"column":26}},"498":{"start":{"line":1289,"column":25},"end":{"line":1289,"column":39}},"499":{"start":{"line":1292,"column":12},"end":{"line":1292,"column":26}},"500":{"start":{"line":1301,"column":0},"end":{"line":1379,"column":5}},"501":{"start":{"line":1304,"column":32},"end":{"line":1304,"column":44}},"502":{"start":{"line":1305,"column":34},"end":{"line":1305,"column":58}},"503":{"start":{"line":1307,"column":15},"end":{"line":1307,"column":28}},"504":{"start":{"line":1309,"column":4},"end":{"line":1378,"column":7}},"505":{"start":{"line":1311,"column":25},"end":{"line":1311,"column":55}},"506":{"start":{"line":1312,"column":24},"end":{"line":1312,"column":64}},"507":{"start":{"line":1313,"column":23},"end":{"line":1313,"column":34}},"508":{"start":{"line":1313,"column":44},"end":{"line":1313,"column":56}},"509":{"start":{"line":1313,"column":66},"end":{"line":1313,"column":78}},"510":{"start":{"line":1313,"column":86},"end":{"line":1313,"column":96}},"511":{"start":{"line":1313,"column":108},"end":{"line":1313,"column":122}},"512":{"start":{"line":1314,"column":23},"end":{"line":1314,"column":34}},"513":{"start":{"line":1314,"column":45},"end":{"line":1314,"column":58}},"514":{"start":{"line":1314,"column":69},"end":{"line":1314,"column":82}},"515":{"start":{"line":1314,"column":93},"end":{"line":1314,"column":106}},"516":{"start":{"line":1314,"column":113},"end":{"line":1314,"column":122}},"517":{"start":{"line":1314,"column":131},"end":{"line":1314,"column":142}},"518":{"start":{"line":1315,"column":23},"end":{"line":1315,"column":40}},"519":{"start":{"line":1316,"column":25},"end":{"line":1316,"column":48}},"520":{"start":{"line":1317,"column":24},"end":{"line":1317,"column":42}},"521":{"start":{"line":1318,"column":26},"end":{"line":1318,"column":46}},"522":{"start":{"line":1319,"column":26},"end":{"line":1319,"column":46}},"523":{"start":{"line":1320,"column":26},"end":{"line":1320,"column":46}},"524":{"start":{"line":1321,"column":22},"end":{"line":1321,"column":38}},"525":{"start":{"line":1323,"column":23},"end":{"line":1323,"column":27}},"526":{"start":{"line":1325,"column":27},"end":{"line":1329,"column":13}},"527":{"start":{"line":1326,"column":29},"end":{"line":1326,"column":41}},"528":{"start":{"line":1327,"column":16},"end":{"line":1327,"column":72}},"529":{"start":{"line":1328,"column":16},"end":{"line":1328,"column":30}},"530":{"start":{"line":1331,"column":26},"end":{"line":1372,"column":13}},"531":{"start":{"line":1374,"column":12},"end":{"line":1376,"column":15}},"532":{"start":{"line":1375,"column":16},"end":{"line":1375,"column":89}},"533":{"start":{"line":1385,"column":0},"end":{"line":1418,"column":5}},"534":{"start":{"line":1388,"column":19},"end":{"line":1388,"column":44}},"535":{"start":{"line":1390,"column":4},"end":{"line":1417,"column":6}},"536":{"start":{"line":1392,"column":12},"end":{"line":1392,"column":50}},"537":{"start":{"line":1396,"column":12},"end":{"line":1396,"column":89}},"538":{"start":{"line":1400,"column":12},"end":{"line":1400,"column":69}},"539":{"start":{"line":1404,"column":12},"end":{"line":1404,"column":55}},"540":{"start":{"line":1406,"column":26},"end":{"line":1410,"column":13}},"541":{"start":{"line":1411,"column":25},"end":{"line":1413,"column":14}},"542":{"start":{"line":1412,"column":16},"end":{"line":1412,"column":47}},"543":{"start":{"line":1415,"column":12},"end":{"line":1415,"column":54}},"544":{"start":{"line":1424,"column":0},"end":{"line":1449,"column":5}},"545":{"start":{"line":1427,"column":4},"end":{"line":1434,"column":6}},"546":{"start":{"line":1429,"column":20},"end":{"line":1429,"column":92}},"547":{"start":{"line":1430,"column":20},"end":{"line":1430,"column":43}},"548":{"start":{"line":1432,"column":12},"end":{"line":1432,"column":41}},"549":{"start":{"line":1436,"column":4},"end":{"line":1448,"column":6}},"550":{"start":{"line":1438,"column":12},"end":{"line":1438,"column":42}},"551":{"start":{"line":1442,"column":22},"end":{"line":1442,"column":32}},"552":{"start":{"line":1443,"column":12},"end":{"line":1445,"column":13}},"553":{"start":{"line":1444,"column":16},"end":{"line":1444,"column":27}},"554":{"start":{"line":1446,"column":12},"end":{"line":1446,"column":39}},"555":{"start":{"line":1455,"column":0},"end":{"line":1479,"column":5}},"556":{"start":{"line":1458,"column":4},"end":{"line":1465,"column":7}},"557":{"start":{"line":1460,"column":20},"end":{"line":1460,"column":92}},"558":{"start":{"line":1461,"column":20},"end":{"line":1461,"column":57}},"559":{"start":{"line":1463,"column":12},"end":{"line":1463,"column":41}},"560":{"start":{"line":1467,"column":4},"end":{"line":1478,"column":7}},"561":{"start":{"line":1469,"column":12},"end":{"line":1469,"column":45}},"562":{"start":{"line":1473,"column":12},"end":{"line":1475,"column":13}},"563":{"start":{"line":1474,"column":16},"end":{"line":1474,"column":50}},"564":{"start":{"line":1476,"column":12},"end":{"line":1476,"column":38}},"565":{"start":{"line":1485,"column":0},"end":{"line":1515,"column":5}},"566":{"start":{"line":1488,"column":4},"end":{"line":1492,"column":6}},"567":{"start":{"line":1490,"column":12},"end":{"line":1490,"column":37}},"568":{"start":{"line":1494,"column":4},"end":{"line":1514,"column":7}},"569":{"start":{"line":1498,"column":12},"end":{"line":1500,"column":13}},"570":{"start":{"line":1499,"column":16},"end":{"line":1499,"column":56}},"571":{"start":{"line":1502,"column":12},"end":{"line":1502,"column":30}},"572":{"start":{"line":1504,"column":12},"end":{"line":1506,"column":13}},"573":{"start":{"line":1505,"column":16},"end":{"line":1505,"column":39}},"574":{"start":{"line":1508,"column":12},"end":{"line":1508,"column":51}},"575":{"start":{"line":1512,"column":12},"end":{"line":1512,"column":31}},"576":{"start":{"line":1521,"column":0},"end":{"line":1577,"column":5}},"577":{"start":{"line":1524,"column":19},"end":{"line":1524,"column":44}},"578":{"start":{"line":1525,"column":15},"end":{"line":1525,"column":28}},"579":{"start":{"line":1527,"column":4},"end":{"line":1576,"column":6}},"580":{"start":{"line":1531,"column":12},"end":{"line":1531,"column":40}},"581":{"start":{"line":1532,"column":12},"end":{"line":1532,"column":50}},"582":{"start":{"line":1533,"column":12},"end":{"line":1533,"column":48}},"583":{"start":{"line":1534,"column":12},"end":{"line":1534,"column":45}},"584":{"start":{"line":1535,"column":12},"end":{"line":1537,"column":18}},"585":{"start":{"line":1539,"column":12},"end":{"line":1550,"column":13}},"586":{"start":{"line":1540,"column":16},"end":{"line":1540,"column":65}},"587":{"start":{"line":1541,"column":16},"end":{"line":1546,"column":17}},"588":{"start":{"line":1542,"column":20},"end":{"line":1542,"column":60}},"589":{"start":{"line":1543,"column":20},"end":{"line":1543,"column":55}},"590":{"start":{"line":1544,"column":20},"end":{"line":1544,"column":55}},"591":{"start":{"line":1545,"column":20},"end":{"line":1545,"column":48}},"592":{"start":{"line":1549,"column":16},"end":{"line":1549,"column":61}},"593":{"start":{"line":1551,"column":12},"end":{"line":1551,"column":27}},"594":{"start":{"line":1555,"column":12},"end":{"line":1555,"column":38}},"595":{"start":{"line":1559,"column":38},"end":{"line":1559,"column":55}},"596":{"start":{"line":1559,"column":63},"end":{"line":1559,"column":83}},"597":{"start":{"line":1561,"column":12},"end":{"line":1561,"column":55}},"598":{"start":{"line":1563,"column":12},"end":{"line":1568,"column":14}},"599":{"start":{"line":1570,"column":12},"end":{"line":1572,"column":15}},"600":{"start":{"line":1571,"column":16},"end":{"line":1571,"column":87}},"601":{"start":{"line":1574,"column":12},"end":{"line":1574,"column":54}},"602":{"start":{"line":1583,"column":0},"end":{"line":1592,"column":5}},"603":{"start":{"line":1586,"column":4},"end":{"line":1591,"column":6}},"604":{"start":{"line":1588,"column":23},"end":{"line":1588,"column":35}},"605":{"start":{"line":1589,"column":12},"end":{"line":1589,"column":64}},"606":{"start":{"line":1598,"column":0},"end":{"line":1622,"column":5}},"607":{"start":{"line":1601,"column":4},"end":{"line":1608,"column":7}},"608":{"start":{"line":1603,"column":20},"end":{"line":1603,"column":92}},"609":{"start":{"line":1604,"column":20},"end":{"line":1604,"column":58}},"610":{"start":{"line":1606,"column":12},"end":{"line":1606,"column":41}},"611":{"start":{"line":1610,"column":4},"end":{"line":1621,"column":6}},"612":{"start":{"line":1612,"column":12},"end":{"line":1612,"column":46}},"613":{"start":{"line":1616,"column":12},"end":{"line":1618,"column":13}},"614":{"start":{"line":1617,"column":16},"end":{"line":1617,"column":51}},"615":{"start":{"line":1619,"column":12},"end":{"line":1619,"column":39}}},"fnMap":{"0":{"name":"(anonymous_0)","decl":{"start":{"line":13,"column":1},"end":{"line":13,"column":2}},"loc":{"start":{"line":13,"column":18},"end":{"line":429,"column":1}},"line":13},"1":{"name":"(anonymous_1)","decl":{"start":{"line":60,"column":15},"end":{"line":60,"column":16}},"loc":{"start":{"line":60,"column":41},"end":{"line":66,"column":5}},"line":60},"2":{"name":"(anonymous_2)","decl":{"start":{"line":68,"column":14},"end":{"line":68,"column":15}},"loc":{"start":{"line":68,"column":25},"end":{"line":70,"column":5}},"line":68},"3":{"name":"(anonymous_3)","decl":{"start":{"line":73,"column":19},"end":{"line":73,"column":20}},"loc":{"start":{"line":73,"column":29},"end":{"line":83,"column":5}},"line":73},"4":{"name":"(anonymous_4)","decl":{"start":{"line":86,"column":19},"end":{"line":86,"column":20}},"loc":{"start":{"line":86,"column":29},"end":{"line":97,"column":5}},"line":86},"5":{"name":"(anonymous_5)","decl":{"start":{"line":107,"column":26},"end":{"line":107,"column":27}},"loc":{"start":{"line":107,"column":39},"end":{"line":109,"column":5}},"line":107},"6":{"name":"(anonymous_6)","decl":{"start":{"line":111,"column":19},"end":{"line":111,"column":20}},"loc":{"start":{"line":111,"column":35},"end":{"line":113,"column":5}},"line":111},"7":{"name":"(anonymous_7)","decl":{"start":{"line":115,"column":22},"end":{"line":115,"column":23}},"loc":{"start":{"line":115,"column":44},"end":{"line":117,"column":5}},"line":115},"8":{"name":"(anonymous_8)","decl":{"start":{"line":119,"column":24},"end":{"line":119,"column":25}},"loc":{"start":{"line":119,"column":40},"end":{"line":121,"column":5}},"line":119},"9":{"name":"(anonymous_9)","decl":{"start":{"line":123,"column":21},"end":{"line":123,"column":22}},"loc":{"start":{"line":123,"column":34},"end":{"line":125,"column":5}},"line":123},"10":{"name":"(anonymous_10)","decl":{"start":{"line":127,"column":21},"end":{"line":127,"column":22}},"loc":{"start":{"line":127,"column":39},"end":{"line":146,"column":5}},"line":127},"11":{"name":"(anonymous_11)","decl":{"start":{"line":148,"column":24},"end":{"line":148,"column":25}},"loc":{"start":{"line":148,"column":42},"end":{"line":170,"column":5}},"line":148},"12":{"name":"(anonymous_12)","decl":{"start":{"line":173,"column":22},"end":{"line":173,"column":23}},"loc":{"start":{"line":173,"column":37},"end":{"line":187,"column":5}},"line":173},"13":{"name":"(anonymous_13)","decl":{"start":{"line":189,"column":19},"end":{"line":189,"column":20}},"loc":{"start":{"line":189,"column":32},"end":{"line":191,"column":5}},"line":189},"14":{"name":"(anonymous_14)","decl":{"start":{"line":193,"column":25},"end":{"line":193,"column":26}},"loc":{"start":{"line":193,"column":38},"end":{"line":195,"column":5}},"line":193},"15":{"name":"(anonymous_15)","decl":{"start":{"line":199,"column":19},"end":{"line":199,"column":20}},"loc":{"start":{"line":199,"column":30},"end":{"line":202,"column":9}},"line":199},"16":{"name":"(anonymous_16)","decl":{"start":{"line":204,"column":13},"end":{"line":204,"column":14}},"loc":{"start":{"line":204,"column":23},"end":{"line":207,"column":9}},"line":204},"17":{"name":"(anonymous_17)","decl":{"start":{"line":209,"column":15},"end":{"line":209,"column":16}},"loc":{"start":{"line":209,"column":25},"end":{"line":212,"column":9}},"line":209},"18":{"name":"(anonymous_18)","decl":{"start":{"line":214,"column":19},"end":{"line":214,"column":20}},"loc":{"start":{"line":214,"column":32},"end":{"line":222,"column":9}},"line":214},"19":{"name":"(anonymous_19)","decl":{"start":{"line":224,"column":15},"end":{"line":224,"column":16}},"loc":{"start":{"line":224,"column":25},"end":{"line":230,"column":9}},"line":224},"20":{"name":"(anonymous_20)","decl":{"start":{"line":232,"column":15},"end":{"line":232,"column":16}},"loc":{"start":{"line":232,"column":27},"end":{"line":239,"column":9}},"line":232},"21":{"name":"(anonymous_21)","decl":{"start":{"line":241,"column":18},"end":{"line":241,"column":19}},"loc":{"start":{"line":241,"column":30},"end":{"line":248,"column":9}},"line":241},"22":{"name":"(anonymous_22)","decl":{"start":{"line":250,"column":17},"end":{"line":250,"column":18}},"loc":{"start":{"line":250,"column":27},"end":{"line":252,"column":9}},"line":250},"23":{"name":"(anonymous_23)","decl":{"start":{"line":254,"column":13},"end":{"line":254,"column":14}},"loc":{"start":{"line":254,"column":26},"end":{"line":264,"column":9}},"line":254},"24":{"name":"(anonymous_24)","decl":{"start":{"line":266,"column":15},"end":{"line":266,"column":16}},"loc":{"start":{"line":266,"column":25},"end":{"line":268,"column":9}},"line":266},"25":{"name":"(anonymous_25)","decl":{"start":{"line":272,"column":14},"end":{"line":272,"column":15}},"loc":{"start":{"line":272,"column":28},"end":{"line":281,"column":9}},"line":272},"26":{"name":"(anonymous_26)","decl":{"start":{"line":283,"column":14},"end":{"line":283,"column":15}},"loc":{"start":{"line":283,"column":25},"end":{"line":286,"column":9}},"line":283},"27":{"name":"(anonymous_27)","decl":{"start":{"line":288,"column":15},"end":{"line":288,"column":16}},"loc":{"start":{"line":288,"column":34},"end":{"line":293,"column":9}},"line":288},"28":{"name":"(anonymous_28)","decl":{"start":{"line":295,"column":12},"end":{"line":295,"column":13}},"loc":{"start":{"line":295,"column":25},"end":{"line":295,"column":57}},"line":295},"29":{"name":"(anonymous_29)","decl":{"start":{"line":296,"column":16},"end":{"line":296,"column":17}},"loc":{"start":{"line":296,"column":29},"end":{"line":296,"column":59}},"line":296},"30":{"name":"(anonymous_30)","decl":{"start":{"line":297,"column":16},"end":{"line":297,"column":17}},"loc":{"start":{"line":297,"column":29},"end":{"line":297,"column":60}},"line":297},"31":{"name":"(anonymous_31)","decl":{"start":{"line":298,"column":14},"end":{"line":298,"column":15}},"loc":{"start":{"line":298,"column":27},"end":{"line":298,"column":57}},"line":298},"32":{"name":"(anonymous_32)","decl":{"start":{"line":299,"column":13},"end":{"line":299,"column":14}},"loc":{"start":{"line":299,"column":26},"end":{"line":299,"column":56}},"line":299},"33":{"name":"(anonymous_33)","decl":{"start":{"line":300,"column":15},"end":{"line":300,"column":16}},"loc":{"start":{"line":300,"column":28},"end":{"line":300,"column":58}},"line":300},"34":{"name":"(anonymous_34)","decl":{"start":{"line":301,"column":14},"end":{"line":301,"column":15}},"loc":{"start":{"line":301,"column":27},"end":{"line":301,"column":57}},"line":301},"35":{"name":"(anonymous_35)","decl":{"start":{"line":302,"column":14},"end":{"line":302,"column":15}},"loc":{"start":{"line":302,"column":27},"end":{"line":302,"column":57}},"line":302},"36":{"name":"(anonymous_36)","decl":{"start":{"line":304,"column":17},"end":{"line":304,"column":18}},"loc":{"start":{"line":304,"column":30},"end":{"line":315,"column":9}},"line":304},"37":{"name":"(anonymous_37)","decl":{"start":{"line":317,"column":13},"end":{"line":317,"column":14}},"loc":{"start":{"line":317,"column":27},"end":{"line":319,"column":9}},"line":317},"38":{"name":"(anonymous_38)","decl":{"start":{"line":321,"column":13},"end":{"line":321,"column":14}},"loc":{"start":{"line":321,"column":32},"end":{"line":323,"column":9}},"line":321},"39":{"name":"(anonymous_39)","decl":{"start":{"line":325,"column":13},"end":{"line":325,"column":14}},"loc":{"start":{"line":325,"column":30},"end":{"line":337,"column":9}},"line":325},"40":{"name":"(anonymous_40)","decl":{"start":{"line":339,"column":17},"end":{"line":339,"column":18}},"loc":{"start":{"line":339,"column":28},"end":{"line":339,"column":53}},"line":339},"41":{"name":"(anonymous_41)","decl":{"start":{"line":340,"column":19},"end":{"line":340,"column":20}},"loc":{"start":{"line":340,"column":30},"end":{"line":340,"column":55}},"line":340},"42":{"name":"(anonymous_42)","decl":{"start":{"line":341,"column":19},"end":{"line":341,"column":20}},"loc":{"start":{"line":341,"column":30},"end":{"line":341,"column":56}},"line":341},"43":{"name":"(anonymous_43)","decl":{"start":{"line":342,"column":15},"end":{"line":342,"column":16}},"loc":{"start":{"line":342,"column":26},"end":{"line":342,"column":53}},"line":342},"44":{"name":"(anonymous_44)","decl":{"start":{"line":343,"column":16},"end":{"line":343,"column":17}},"loc":{"start":{"line":343,"column":27},"end":{"line":343,"column":52}},"line":343},"45":{"name":"(anonymous_45)","decl":{"start":{"line":344,"column":17},"end":{"line":344,"column":18}},"loc":{"start":{"line":344,"column":28},"end":{"line":344,"column":53}},"line":344},"46":{"name":"(anonymous_46)","decl":{"start":{"line":345,"column":18},"end":{"line":345,"column":19}},"loc":{"start":{"line":345,"column":29},"end":{"line":345,"column":55}},"line":345},"47":{"name":"(anonymous_47)","decl":{"start":{"line":346,"column":17},"end":{"line":346,"column":18}},"loc":{"start":{"line":346,"column":28},"end":{"line":346,"column":54}},"line":346},"48":{"name":"(anonymous_48)","decl":{"start":{"line":347,"column":20},"end":{"line":347,"column":21}},"loc":{"start":{"line":347,"column":31},"end":{"line":347,"column":57}},"line":347},"49":{"name":"(anonymous_49)","decl":{"start":{"line":349,"column":16},"end":{"line":349,"column":17}},"loc":{"start":{"line":349,"column":37},"end":{"line":379,"column":9}},"line":349},"50":{"name":"(anonymous_50)","decl":{"start":{"line":376,"column":48},"end":{"line":376,"column":49}},"loc":{"start":{"line":376,"column":67},"end":{"line":378,"column":13}},"line":376},"51":{"name":"(anonymous_51)","decl":{"start":{"line":381,"column":17},"end":{"line":381,"column":18}},"loc":{"start":{"line":381,"column":27},"end":{"line":383,"column":9}},"line":381},"52":{"name":"(anonymous_52)","decl":{"start":{"line":385,"column":22},"end":{"line":385,"column":23}},"loc":{"start":{"line":385,"column":32},"end":{"line":387,"column":9}},"line":385},"53":{"name":"(anonymous_53)","decl":{"start":{"line":389,"column":28},"end":{"line":389,"column":29}},"loc":{"start":{"line":389,"column":38},"end":{"line":391,"column":9}},"line":389},"54":{"name":"(anonymous_54)","decl":{"start":{"line":393,"column":24},"end":{"line":393,"column":25}},"loc":{"start":{"line":393,"column":34},"end":{"line":395,"column":9}},"line":393},"55":{"name":"(anonymous_55)","decl":{"start":{"line":397,"column":28},"end":{"line":397,"column":29}},"loc":{"start":{"line":397,"column":38},"end":{"line":399,"column":9}},"line":397},"56":{"name":"(anonymous_56)","decl":{"start":{"line":401,"column":18},"end":{"line":401,"column":19}},"loc":{"start":{"line":401,"column":28},"end":{"line":403,"column":9}},"line":401},"57":{"name":"(anonymous_57)","decl":{"start":{"line":405,"column":16},"end":{"line":405,"column":17}},"loc":{"start":{"line":405,"column":26},"end":{"line":407,"column":9}},"line":405},"58":{"name":"(anonymous_58)","decl":{"start":{"line":409,"column":18},"end":{"line":409,"column":19}},"loc":{"start":{"line":409,"column":28},"end":{"line":411,"column":9}},"line":409},"59":{"name":"(anonymous_59)","decl":{"start":{"line":413,"column":21},"end":{"line":413,"column":22}},"loc":{"start":{"line":413,"column":31},"end":{"line":415,"column":9}},"line":413},"60":{"name":"(anonymous_60)","decl":{"start":{"line":417,"column":21},"end":{"line":417,"column":22}},"loc":{"start":{"line":417,"column":31},"end":{"line":419,"column":9}},"line":417},"61":{"name":"(anonymous_61)","decl":{"start":{"line":421,"column":16},"end":{"line":421,"column":17}},"loc":{"start":{"line":421,"column":26},"end":{"line":423,"column":9}},"line":421},"62":{"name":"(anonymous_62)","decl":{"start":{"line":632,"column":1},"end":{"line":632,"column":2}},"loc":{"start":{"line":632,"column":12},"end":{"line":654,"column":1}},"line":632},"63":{"name":"(anonymous_63)","decl":{"start":{"line":638,"column":18},"end":{"line":638,"column":19}},"loc":{"start":{"line":638,"column":28},"end":{"line":640,"column":9}},"line":638},"64":{"name":"(anonymous_64)","decl":{"start":{"line":642,"column":16},"end":{"line":642,"column":17}},"loc":{"start":{"line":642,"column":40},"end":{"line":652,"column":9}},"line":642},"65":{"name":"(anonymous_65)","decl":{"start":{"line":648,"column":66},"end":{"line":648,"column":67}},"loc":{"start":{"line":648,"column":81},"end":{"line":650,"column":13}},"line":648},"66":{"name":"(anonymous_66)","decl":{"start":{"line":660,"column":1},"end":{"line":660,"column":2}},"loc":{"start":{"line":660,"column":12},"end":{"line":720,"column":1}},"line":660},"67":{"name":"(anonymous_67)","decl":{"start":{"line":664,"column":18},"end":{"line":664,"column":19}},"loc":{"start":{"line":664,"column":31},"end":{"line":666,"column":9}},"line":664},"68":{"name":"(anonymous_68)","decl":{"start":{"line":670,"column":18},"end":{"line":670,"column":19}},"loc":{"start":{"line":670,"column":34},"end":{"line":718,"column":9}},"line":670},"69":{"name":"(anonymous_69)","decl":{"start":{"line":677,"column":30},"end":{"line":677,"column":31}},"loc":{"start":{"line":677,"column":47},"end":{"line":683,"column":13}},"line":677},"70":{"name":"(anonymous_70)","decl":{"start":{"line":702,"column":49},"end":{"line":702,"column":50}},"loc":{"start":{"line":702,"column":63},"end":{"line":707,"column":13}},"line":702},"71":{"name":"(anonymous_71)","decl":{"start":{"line":726,"column":1},"end":{"line":726,"column":2}},"loc":{"start":{"line":726,"column":12},"end":{"line":747,"column":1}},"line":726},"72":{"name":"(anonymous_72)","decl":{"start":{"line":732,"column":17},"end":{"line":732,"column":18}},"loc":{"start":{"line":732,"column":27},"end":{"line":734,"column":9}},"line":732},"73":{"name":"(anonymous_73)","decl":{"start":{"line":736,"column":16},"end":{"line":736,"column":17}},"loc":{"start":{"line":736,"column":40},"end":{"line":745,"column":9}},"line":736},"74":{"name":"(anonymous_74)","decl":{"start":{"line":741,"column":58},"end":{"line":741,"column":59}},"loc":{"start":{"line":741,"column":73},"end":{"line":743,"column":13}},"line":741},"75":{"name":"(anonymous_75)","decl":{"start":{"line":753,"column":1},"end":{"line":753,"column":2}},"loc":{"start":{"line":753,"column":12},"end":{"line":844,"column":1}},"line":753},"76":{"name":"(anonymous_76)","decl":{"start":{"line":757,"column":14},"end":{"line":757,"column":15}},"loc":{"start":{"line":757,"column":25},"end":{"line":759,"column":9}},"line":757},"77":{"name":"(anonymous_77)","decl":{"start":{"line":764,"column":17},"end":{"line":764,"column":18}},"loc":{"start":{"line":764,"column":45},"end":{"line":794,"column":9}},"line":764},"78":{"name":"(anonymous_78)","decl":{"start":{"line":796,"column":17},"end":{"line":796,"column":18}},"loc":{"start":{"line":796,"column":33},"end":{"line":798,"column":9}},"line":796},"79":{"name":"(anonymous_79)","decl":{"start":{"line":800,"column":15},"end":{"line":800,"column":16}},"loc":{"start":{"line":800,"column":36},"end":{"line":802,"column":9}},"line":800},"80":{"name":"(anonymous_80)","decl":{"start":{"line":804,"column":22},"end":{"line":804,"column":23}},"loc":{"start":{"line":804,"column":43},"end":{"line":806,"column":9}},"line":804},"81":{"name":"(anonymous_81)","decl":{"start":{"line":808,"column":17},"end":{"line":808,"column":18}},"loc":{"start":{"line":808,"column":38},"end":{"line":810,"column":9}},"line":808},"82":{"name":"(anonymous_82)","decl":{"start":{"line":812,"column":24},"end":{"line":812,"column":25}},"loc":{"start":{"line":812,"column":45},"end":{"line":814,"column":9}},"line":812},"83":{"name":"(anonymous_83)","decl":{"start":{"line":816,"column":15},"end":{"line":816,"column":16}},"loc":{"start":{"line":816,"column":36},"end":{"line":818,"column":9}},"line":816},"84":{"name":"(anonymous_84)","decl":{"start":{"line":820,"column":18},"end":{"line":820,"column":19}},"loc":{"start":{"line":820,"column":39},"end":{"line":822,"column":9}},"line":820},"85":{"name":"(anonymous_85)","decl":{"start":{"line":824,"column":14},"end":{"line":824,"column":15}},"loc":{"start":{"line":824,"column":25},"end":{"line":838,"column":9}},"line":824},"86":{"name":"(anonymous_86)","decl":{"start":{"line":840,"column":18},"end":{"line":840,"column":19}},"loc":{"start":{"line":840,"column":36},"end":{"line":842,"column":9}},"line":840},"87":{"name":"(anonymous_87)","decl":{"start":{"line":853,"column":1},"end":{"line":853,"column":2}},"loc":{"start":{"line":853,"column":12},"end":{"line":864,"column":1}},"line":853},"88":{"name":"(anonymous_88)","decl":{"start":{"line":857,"column":19},"end":{"line":857,"column":20}},"loc":{"start":{"line":857,"column":29},"end":{"line":862,"column":9}},"line":857},"89":{"name":"(anonymous_89)","decl":{"start":{"line":870,"column":1},"end":{"line":870,"column":2}},"loc":{"start":{"line":870,"column":12},"end":{"line":909,"column":1}},"line":870},"90":{"name":"(anonymous_90)","decl":{"start":{"line":874,"column":21},"end":{"line":874,"column":22}},"loc":{"start":{"line":874,"column":31},"end":{"line":877,"column":9}},"line":874},"91":{"name":"(anonymous_91)","decl":{"start":{"line":879,"column":20},"end":{"line":879,"column":21}},"loc":{"start":{"line":879,"column":30},"end":{"line":881,"column":9}},"line":879},"92":{"name":"(anonymous_92)","decl":{"start":{"line":883,"column":23},"end":{"line":883,"column":24}},"loc":{"start":{"line":883,"column":33},"end":{"line":895,"column":9}},"line":883},"93":{"name":"(anonymous_93)","decl":{"start":{"line":897,"column":23},"end":{"line":897,"column":24}},"loc":{"start":{"line":897,"column":50},"end":{"line":907,"column":9}},"line":897},"94":{"name":"(anonymous_94)","decl":{"start":{"line":902,"column":24},"end":{"line":902,"column":25}},"loc":{"start":{"line":902,"column":38},"end":{"line":904,"column":13}},"line":902},"95":{"name":"(anonymous_95)","decl":{"start":{"line":915,"column":1},"end":{"line":915,"column":2}},"loc":{"start":{"line":915,"column":12},"end":{"line":946,"column":1}},"line":915},"96":{"name":"(anonymous_96)","decl":{"start":{"line":919,"column":16},"end":{"line":919,"column":17}},"loc":{"start":{"line":919,"column":26},"end":{"line":921,"column":9}},"line":919},"97":{"name":"(anonymous_97)","decl":{"start":{"line":923,"column":21},"end":{"line":923,"column":22}},"loc":{"start":{"line":923,"column":31},"end":{"line":928,"column":9}},"line":923},"98":{"name":"(anonymous_98)","decl":{"start":{"line":930,"column":19},"end":{"line":930,"column":20}},"loc":{"start":{"line":930,"column":29},"end":{"line":935,"column":9}},"line":930},"99":{"name":"(anonymous_99)","decl":{"start":{"line":937,"column":23},"end":{"line":937,"column":24}},"loc":{"start":{"line":937,"column":33},"end":{"line":944,"column":9}},"line":937},"100":{"name":"(anonymous_100)","decl":{"start":{"line":952,"column":1},"end":{"line":952,"column":2}},"loc":{"start":{"line":952,"column":12},"end":{"line":999,"column":1}},"line":952},"101":{"name":"(anonymous_101)","decl":{"start":{"line":959,"column":14},"end":{"line":959,"column":15}},"loc":{"start":{"line":959,"column":35},"end":{"line":962,"column":9}},"line":959},"102":{"name":"(anonymous_102)","decl":{"start":{"line":964,"column":16},"end":{"line":964,"column":17}},"loc":{"start":{"line":964,"column":30},"end":{"line":978,"column":9}},"line":964},"103":{"name":"(anonymous_103)","decl":{"start":{"line":980,"column":16},"end":{"line":980,"column":17}},"loc":{"start":{"line":980,"column":40},"end":{"line":997,"column":9}},"line":980},"104":{"name":"(anonymous_104)","decl":{"start":{"line":992,"column":63},"end":{"line":992,"column":64}},"loc":{"start":{"line":992,"column":78},"end":{"line":994,"column":13}},"line":992},"105":{"name":"(anonymous_105)","decl":{"start":{"line":1005,"column":1},"end":{"line":1005,"column":2}},"loc":{"start":{"line":1005,"column":12},"end":{"line":1014,"column":1}},"line":1005},"106":{"name":"(anonymous_106)","decl":{"start":{"line":1009,"column":20},"end":{"line":1009,"column":21}},"loc":{"start":{"line":1009,"column":30},"end":{"line":1012,"column":9}},"line":1009},"107":{"name":"(anonymous_107)","decl":{"start":{"line":1020,"column":1},"end":{"line":1020,"column":2}},"loc":{"start":{"line":1020,"column":12},"end":{"line":1081,"column":1}},"line":1020},"108":{"name":"(anonymous_108)","decl":{"start":{"line":1028,"column":15},"end":{"line":1028,"column":16}},"loc":{"start":{"line":1028,"column":33},"end":{"line":1042,"column":9}},"line":1028},"109":{"name":"(anonymous_109)","decl":{"start":{"line":1044,"column":18},"end":{"line":1044,"column":19}},"loc":{"start":{"line":1044,"column":36},"end":{"line":1058,"column":9}},"line":1044},"110":{"name":"(anonymous_110)","decl":{"start":{"line":1062,"column":20},"end":{"line":1062,"column":21}},"loc":{"start":{"line":1062,"column":33},"end":{"line":1068,"column":9}},"line":1062},"111":{"name":"(anonymous_111)","decl":{"start":{"line":1070,"column":16},"end":{"line":1070,"column":17}},"loc":{"start":{"line":1070,"column":40},"end":{"line":1079,"column":9}},"line":1070},"112":{"name":"(anonymous_112)","decl":{"start":{"line":1075,"column":63},"end":{"line":1075,"column":64}},"loc":{"start":{"line":1075,"column":78},"end":{"line":1077,"column":13}},"line":1075},"113":{"name":"(anonymous_113)","decl":{"start":{"line":1087,"column":1},"end":{"line":1087,"column":2}},"loc":{"start":{"line":1087,"column":12},"end":{"line":1201,"column":1}},"line":1087},"114":{"name":"(anonymous_114)","decl":{"start":{"line":1091,"column":25},"end":{"line":1091,"column":26}},"loc":{"start":{"line":1091,"column":54},"end":{"line":1198,"column":9}},"line":1091},"115":{"name":"(anonymous_115)","decl":{"start":{"line":1097,"column":27},"end":{"line":1097,"column":28}},"loc":{"start":{"line":1097,"column":48},"end":{"line":1101,"column":13}},"line":1097},"116":{"name":"(anonymous_116)","decl":{"start":{"line":1098,"column":33},"end":{"line":1098,"column":34}},"loc":{"start":{"line":1098,"column":45},"end":{"line":1100,"column":17}},"line":1098},"117":{"name":"(anonymous_117)","decl":{"start":{"line":1103,"column":36},"end":{"line":1103,"column":37}},"loc":{"start":{"line":1103,"column":51},"end":{"line":1121,"column":13}},"line":1103},"118":{"name":"(anonymous_118)","decl":{"start":{"line":1123,"column":31},"end":{"line":1123,"column":32}},"loc":{"start":{"line":1123,"column":45},"end":{"line":1149,"column":13}},"line":1123},"119":{"name":"(anonymous_119)","decl":{"start":{"line":1207,"column":1},"end":{"line":1207,"column":2}},"loc":{"start":{"line":1207,"column":12},"end":{"line":1249,"column":1}},"line":1207},"120":{"name":"(anonymous_120)","decl":{"start":{"line":1214,"column":15},"end":{"line":1214,"column":16}},"loc":{"start":{"line":1214,"column":33},"end":{"line":1224,"column":9}},"line":1214},"121":{"name":"(anonymous_121)","decl":{"start":{"line":1226,"column":18},"end":{"line":1226,"column":19}},"loc":{"start":{"line":1226,"column":36},"end":{"line":1236,"column":9}},"line":1226},"122":{"name":"(anonymous_122)","decl":{"start":{"line":1240,"column":17},"end":{"line":1240,"column":18}},"loc":{"start":{"line":1240,"column":27},"end":{"line":1247,"column":9}},"line":1240},"123":{"name":"(anonymous_123)","decl":{"start":{"line":1255,"column":1},"end":{"line":1255,"column":2}},"loc":{"start":{"line":1255,"column":12},"end":{"line":1295,"column":1}},"line":1255},"124":{"name":"(anonymous_124)","decl":{"start":{"line":1259,"column":14},"end":{"line":1259,"column":15}},"loc":{"start":{"line":1259,"column":32},"end":{"line":1293,"column":9}},"line":1259},"125":{"name":"(anonymous_125)","decl":{"start":{"line":1267,"column":28},"end":{"line":1267,"column":29}},"loc":{"start":{"line":1267,"column":40},"end":{"line":1269,"column":13}},"line":1267},"126":{"name":"(anonymous_126)","decl":{"start":{"line":1269,"column":20},"end":{"line":1269,"column":21}},"loc":{"start":{"line":1269,"column":34},"end":{"line":1271,"column":13}},"line":1269},"127":{"name":"(anonymous_127)","decl":{"start":{"line":1279,"column":38},"end":{"line":1279,"column":39}},"loc":{"start":{"line":1279,"column":50},"end":{"line":1281,"column":21}},"line":1279},"128":{"name":"(anonymous_128)","decl":{"start":{"line":1284,"column":38},"end":{"line":1284,"column":39}},"loc":{"start":{"line":1284,"column":50},"end":{"line":1286,"column":21}},"line":1284},"129":{"name":"(anonymous_129)","decl":{"start":{"line":1301,"column":1},"end":{"line":1301,"column":2}},"loc":{"start":{"line":1301,"column":12},"end":{"line":1379,"column":1}},"line":1301},"130":{"name":"(anonymous_130)","decl":{"start":{"line":1310,"column":18},"end":{"line":1310,"column":19}},"loc":{"start":{"line":1310,"column":39},"end":{"line":1377,"column":9}},"line":1310},"131":{"name":"(anonymous_131)","decl":{"start":{"line":1325,"column":27},"end":{"line":1325,"column":28}},"loc":{"start":{"line":1325,"column":37},"end":{"line":1329,"column":13}},"line":1325},"132":{"name":"(anonymous_132)","decl":{"start":{"line":1374,"column":57},"end":{"line":1374,"column":58}},"loc":{"start":{"line":1374,"column":72},"end":{"line":1376,"column":13}},"line":1374},"133":{"name":"(anonymous_133)","decl":{"start":{"line":1385,"column":1},"end":{"line":1385,"column":2}},"loc":{"start":{"line":1385,"column":12},"end":{"line":1418,"column":1}},"line":1385},"134":{"name":"(anonymous_134)","decl":{"start":{"line":1391,"column":19},"end":{"line":1391,"column":20}},"loc":{"start":{"line":1391,"column":29},"end":{"line":1393,"column":9}},"line":1391},"135":{"name":"(anonymous_135)","decl":{"start":{"line":1395,"column":18},"end":{"line":1395,"column":19}},"loc":{"start":{"line":1395,"column":28},"end":{"line":1397,"column":9}},"line":1395},"136":{"name":"(anonymous_136)","decl":{"start":{"line":1399,"column":22},"end":{"line":1399,"column":23}},"loc":{"start":{"line":1399,"column":32},"end":{"line":1401,"column":9}},"line":1399},"137":{"name":"(anonymous_137)","decl":{"start":{"line":1403,"column":16},"end":{"line":1403,"column":17}},"loc":{"start":{"line":1403,"column":40},"end":{"line":1416,"column":9}},"line":1403},"138":{"name":"(anonymous_138)","decl":{"start":{"line":1411,"column":65},"end":{"line":1411,"column":66}},"loc":{"start":{"line":1411,"column":80},"end":{"line":1413,"column":13}},"line":1411},"139":{"name":"(anonymous_139)","decl":{"start":{"line":1424,"column":1},"end":{"line":1424,"column":2}},"loc":{"start":{"line":1424,"column":12},"end":{"line":1449,"column":1}},"line":1424},"140":{"name":"(anonymous_140)","decl":{"start":{"line":1428,"column":17},"end":{"line":1428,"column":18}},"loc":{"start":{"line":1428,"column":31},"end":{"line":1433,"column":9}},"line":1428},"141":{"name":"(anonymous_141)","decl":{"start":{"line":1437,"column":17},"end":{"line":1437,"column":18}},"loc":{"start":{"line":1437,"column":27},"end":{"line":1439,"column":9}},"line":1437},"142":{"name":"(anonymous_142)","decl":{"start":{"line":1441,"column":15},"end":{"line":1441,"column":16}},"loc":{"start":{"line":1441,"column":25},"end":{"line":1447,"column":9}},"line":1441},"143":{"name":"(anonymous_143)","decl":{"start":{"line":1455,"column":1},"end":{"line":1455,"column":2}},"loc":{"start":{"line":1455,"column":12},"end":{"line":1479,"column":1}},"line":1455},"144":{"name":"(anonymous_144)","decl":{"start":{"line":1459,"column":20},"end":{"line":1459,"column":21}},"loc":{"start":{"line":1459,"column":34},"end":{"line":1464,"column":9}},"line":1459},"145":{"name":"(anonymous_145)","decl":{"start":{"line":1468,"column":20},"end":{"line":1468,"column":21}},"loc":{"start":{"line":1468,"column":30},"end":{"line":1470,"column":9}},"line":1468},"146":{"name":"(anonymous_146)","decl":{"start":{"line":1472,"column":18},"end":{"line":1472,"column":19}},"loc":{"start":{"line":1472,"column":28},"end":{"line":1477,"column":9}},"line":1472},"147":{"name":"(anonymous_147)","decl":{"start":{"line":1485,"column":1},"end":{"line":1485,"column":2}},"loc":{"start":{"line":1485,"column":12},"end":{"line":1515,"column":1}},"line":1485},"148":{"name":"(anonymous_148)","decl":{"start":{"line":1489,"column":19},"end":{"line":1489,"column":20}},"loc":{"start":{"line":1489,"column":29},"end":{"line":1491,"column":9}},"line":1489},"149":{"name":"(anonymous_149)","decl":{"start":{"line":1495,"column":14},"end":{"line":1495,"column":15}},"loc":{"start":{"line":1495,"column":28},"end":{"line":1509,"column":9}},"line":1495},"150":{"name":"(anonymous_150)","decl":{"start":{"line":1511,"column":19},"end":{"line":1511,"column":20}},"loc":{"start":{"line":1511,"column":29},"end":{"line":1513,"column":9}},"line":1511},"151":{"name":"(anonymous_151)","decl":{"start":{"line":1521,"column":1},"end":{"line":1521,"column":2}},"loc":{"start":{"line":1521,"column":12},"end":{"line":1577,"column":1}},"line":1521},"152":{"name":"(anonymous_152)","decl":{"start":{"line":1528,"column":20},"end":{"line":1528,"column":21}},"loc":{"start":{"line":1528,"column":41},"end":{"line":1552,"column":9}},"line":1528},"153":{"name":"(anonymous_153)","decl":{"start":{"line":1554,"column":23},"end":{"line":1554,"column":24}},"loc":{"start":{"line":1554,"column":33},"end":{"line":1556,"column":9}},"line":1554},"154":{"name":"(anonymous_154)","decl":{"start":{"line":1558,"column":16},"end":{"line":1558,"column":17}},"loc":{"start":{"line":1558,"column":40},"end":{"line":1575,"column":9}},"line":1558},"155":{"name":"(anonymous_155)","decl":{"start":{"line":1570,"column":59},"end":{"line":1570,"column":60}},"loc":{"start":{"line":1570,"column":74},"end":{"line":1572,"column":13}},"line":1570},"156":{"name":"(anonymous_156)","decl":{"start":{"line":1583,"column":1},"end":{"line":1583,"column":2}},"loc":{"start":{"line":1583,"column":12},"end":{"line":1592,"column":1}},"line":1583},"157":{"name":"(anonymous_157)","decl":{"start":{"line":1587,"column":21},"end":{"line":1587,"column":22}},"loc":{"start":{"line":1587,"column":40},"end":{"line":1590,"column":9}},"line":1587},"158":{"name":"(anonymous_158)","decl":{"start":{"line":1598,"column":1},"end":{"line":1598,"column":2}},"loc":{"start":{"line":1598,"column":12},"end":{"line":1622,"column":1}},"line":1598},"159":{"name":"(anonymous_159)","decl":{"start":{"line":1602,"column":21},"end":{"line":1602,"column":22}},"loc":{"start":{"line":1602,"column":35},"end":{"line":1607,"column":9}},"line":1602},"160":{"name":"(anonymous_160)","decl":{"start":{"line":1611,"column":21},"end":{"line":1611,"column":22}},"loc":{"start":{"line":1611,"column":31},"end":{"line":1613,"column":9}},"line":1611},"161":{"name":"(anonymous_161)","decl":{"start":{"line":1615,"column":19},"end":{"line":1615,"column":20}},"loc":{"start":{"line":1615,"column":29},"end":{"line":1620,"column":9}},"line":1615}},"branchMap":{"0":{"loc":{"start":{"line":62,"column":8},"end":{"line":64,"column":9}},"type":"if","locations":[{"start":{"line":62,"column":8},"end":{"line":64,"column":9}},{"start":{"line":62,"column":8},"end":{"line":64,"column":9}}],"line":62},"1":{"loc":{"start":{"line":62,"column":12},"end":{"line":62,"column":43}},"type":"binary-expr","locations":[{"start":{"line":62,"column":12},"end":{"line":62,"column":18}},{"start":{"line":62,"column":22},"end":{"line":62,"column":43}}],"line":62},"2":{"loc":{"start":{"line":69,"column":15},"end":{"line":69,"column":53}},"type":"binary-expr","locations":[{"start":{"line":69,"column":15},"end":{"line":69,"column":39}},{"start":{"line":69,"column":43},"end":{"line":69,"column":53}}],"line":69},"3":{"loc":{"start":{"line":76,"column":8},"end":{"line":78,"column":9}},"type":"if","locations":[{"start":{"line":76,"column":8},"end":{"line":78,"column":9}},{"start":{"line":76,"column":8},"end":{"line":78,"column":9}}],"line":76},"4":{"loc":{"start":{"line":80,"column":29},"end":{"line":80,"column":83}},"type":"cond-expr","locations":[{"start":{"line":80,"column":59},"end":{"line":80,"column":71}},{"start":{"line":80,"column":74},"end":{"line":80,"column":83}}],"line":80},"5":{"loc":{"start":{"line":94,"column":8},"end":{"line":96,"column":9}},"type":"if","locations":[{"start":{"line":94,"column":8},"end":{"line":96,"column":9}},{"start":{"line":94,"column":8},"end":{"line":96,"column":9}}],"line":94},"6":{"loc":{"start":{"line":112,"column":26},"end":{"line":112,"column":49}},"type":"cond-expr","locations":[{"start":{"line":112,"column":35},"end":{"line":112,"column":40}},{"start":{"line":112,"column":43},"end":{"line":112,"column":49}}],"line":112},"7":{"loc":{"start":{"line":120,"column":42},"end":{"line":120,"column":56}},"type":"binary-expr","locations":[{"start":{"line":120,"column":42},"end":{"line":120,"column":48}},{"start":{"line":120,"column":52},"end":{"line":120,"column":56}}],"line":120},"8":{"loc":{"start":{"line":128,"column":19},"end":{"line":128,"column":58}},"type":"cond-expr","locations":[{"start":{"line":128,"column":43},"end":{"line":128,"column":44}},{"start":{"line":128,"column":47},"end":{"line":128,"column":58}}],"line":128},"9":{"loc":{"start":{"line":131,"column":8},"end":{"line":144,"column":9}},"type":"switch","locations":[{"start":{"line":132,"column":12},"end":{"line":132,"column":50}},{"start":{"line":133,"column":12},"end":{"line":133,"column":73}},{"start":{"line":134,"column":12},"end":{"line":134,"column":73}},{"start":{"line":135,"column":12},"end":{"line":135,"column":73}},{"start":{"line":136,"column":12},"end":{"line":136,"column":73}},{"start":{"line":137,"column":12},"end":{"line":137,"column":73}},{"start":{"line":138,"column":12},"end":{"line":142,"column":13}},{"start":{"line":143,"column":12},"end":{"line":143,"column":37}}],"line":131},"10":{"loc":{"start":{"line":149,"column":19},"end":{"line":149,"column":58}},"type":"cond-expr","locations":[{"start":{"line":149,"column":43},"end":{"line":149,"column":44}},{"start":{"line":149,"column":47},"end":{"line":149,"column":58}}],"line":149},"11":{"loc":{"start":{"line":152,"column":8},"end":{"line":167,"column":9}},"type":"switch","locations":[{"start":{"line":153,"column":12},"end":{"line":153,"column":52}},{"start":{"line":154,"column":12},"end":{"line":154,"column":69}},{"start":{"line":155,"column":12},"end":{"line":155,"column":77}},{"start":{"line":156,"column":12},"end":{"line":156,"column":77}},{"start":{"line":157,"column":12},"end":{"line":157,"column":77}},{"start":{"line":158,"column":12},"end":{"line":158,"column":101}},{"start":{"line":159,"column":12},"end":{"line":159,"column":86}},{"start":{"line":160,"column":12},"end":{"line":164,"column":13}},{"start":{"line":166,"column":12},"end":{"line":166,"column":37}}],"line":152},"12":{"loc":{"start":{"line":178,"column":12},"end":{"line":183,"column":13}},"type":"if","locations":[{"start":{"line":178,"column":12},"end":{"line":183,"column":13}},{"start":{"line":178,"column":12},"end":{"line":183,"column":13}}],"line":178},"13":{"loc":{"start":{"line":180,"column":20},"end":{"line":181,"column":56}},"type":"if","locations":[{"start":{"line":180,"column":20},"end":{"line":181,"column":56}},{"start":{"line":180,"column":20},"end":{"line":181,"column":56}}],"line":180},"14":{"loc":{"start":{"line":200,"column":29},"end":{"line":200,"column":46}},"type":"cond-expr","locations":[{"start":{"line":200,"column":38},"end":{"line":200,"column":42}},{"start":{"line":200,"column":45},"end":{"line":200,"column":46}}],"line":200},"15":{"loc":{"start":{"line":215,"column":12},"end":{"line":218,"column":13}},"type":"if","locations":[{"start":{"line":215,"column":12},"end":{"line":218,"column":13}},{"start":{"line":215,"column":12},"end":{"line":218,"column":13}}],"line":215},"16":{"loc":{"sta
[...]
191,"column":63},"end":{"line":1191,"column":67}}],"line":1191},"108":{"loc":{"start":{"line":1191,"column":20},"end":{"line":1191,"column":45}},"type":"binary-expr","locations":[{"start":{"line":1191,"column":20},"end":{"line":1191,"column":29}},{"start":{"line":1191,"column":33},"end":{"line":1191,"column":45}}],"line":1191},"109":{"loc":{"start":{"line":1193,"column":22},"end":{"line":1193,"column":72}},"type":"cond-expr","locations":[{"start":{"line":1193,"column":52},"end":{"line":1193,"column":65}},{"start":{"line":1193,"column":68},"end":{"line":1193,"column":72}}],"line":1193},"110":{"loc":{"start":{"line":1193,"column":22},"end":{"line":1193,"column":49}},"type":"binary-expr","locations":[{"start":{"line":1193,"column":22},"end":{"line":1193,"column":32}},{"start":{"line":1193,"column":36},"end":{"line":1193,"column":49}}],"line":1193},"111":{"loc":{"start":{"line":1194,"column":22},"end":{"line":1194,"column":78}},"type":"cond-expr","locations":[{"start":{"line":1194,"column":56},"end":{"line":1194,"column":71}},{"start":{"line":1194,"column":74},"end":{"line":1194,"column":78}}],"line":1194},"112":{"loc":{"start":{"line":1194,"column":22},"end":{"line":1194,"column":53}},"type":"binary-expr","locations":[{"start":{"line":1194,"column":22},"end":{"line":1194,"column":34}},{"start":{"line":1194,"column":38},"end":{"line":1194,"column":53}}],"line":1194},"113":{"loc":{"start":{"line":1195,"column":22},"end":{"line":1195,"column":78}},"type":"cond-expr","locations":[{"start":{"line":1195,"column":56},"end":{"line":1195,"column":71}},{"start":{"line":1195,"column":74},"end":{"line":1195,"column":78}}],"line":1195},"114":{"loc":{"start":{"line":1195,"column":22},"end":{"line":1195,"column":53}},"type":"binary-expr","locations":[{"start":{"line":1195,"column":22},"end":{"line":1195,"column":34}},{"start":{"line":1195,"column":38},"end":{"line":1195,"column":53}}],"line":1195},"115":{"loc":{"start":{"line":1215,"column":23},"end":{"line":1215,"column":62}},"type":"cond-expr","locations":[{"start":{"line":1215,"column":47},"end":{"line":1215,"column":48}},{"start":{"line":1215,"column":51},"end":{"line":1215,"column":62}}],"line":1215},"116":{"loc":{"start":{"line":1218,"column":12},"end":{"line":1221,"column":13}},"type":"switch","locations":[{"start":{"line":1219,"column":16},"end":{"line":1219,"column":114}},{"start":{"line":1220,"column":16},"end":{"line":1220,"column":69}}],"line":1218},"117":{"loc":{"start":{"line":1227,"column":23},"end":{"line":1227,"column":62}},"type":"cond-expr","locations":[{"start":{"line":1227,"column":47},"end":{"line":1227,"column":48}},{"start":{"line":1227,"column":51},"end":{"line":1227,"column":62}}],"line":1227},"118":{"loc":{"start":{"line":1230,"column":12},"end":{"line":1233,"column":13}},"type":"switch","locations":[{"start":{"line":1231,"column":16},"end":{"line":1231,"column":111}},{"start":{"line":1232,"column":16},"end":{"line":1232,"column":72}}],"line":1230},"119":{"loc":{"start":{"line":1243,"column":12},"end":{"line":1243,"column":37}},"type":"if","locations":[{"start":{"line":1243,"column":12},"end":{"line":1243,"column":37}},{"start":{"line":1243,"column":12},"end":{"line":1243,"column":37}}],"line":1243},"120":{"loc":{"start":{"line":1244,"column":12},"end":{"line":1244,"column":37}},"type":"if","locations":[{"start":{"line":1244,"column":12},"end":{"line":1244,"column":37}},{"start":{"line":1244,"column":12},"end":{"line":1244,"column":37}}],"line":1244},"121":{"loc":{"start":{"line":1245,"column":12},"end":{"line":1245,"column":37}},"type":"if","locations":[{"start":{"line":1245,"column":12},"end":{"line":1245,"column":37}},{"start":{"line":1245,"column":12},"end":{"line":1245,"column":37}}],"line":1245},"122":{"loc":{"start":{"line":1261,"column":20},"end":{"line":1261,"column":55}},"type":"cond-expr","locations":[{"start":{"line":1261,"column":47},"end":{"line":1261,"column":50}},{"start":{"line":1261,"column":53},"end":{"line":1261,"column":55}}],"line":1261},"123":{"loc":{"start":{"line":1263,"column":12},"end":{"line":1263,"column":84}},"type":"if","locations":[{"start":{"line":1263,"column":12},"end":{"line":1263,"column":84}},{"start":{"line":1263,"column":12},"end":{"line":1263,"column":84}}],"line":1263},"124":{"loc":{"start":{"line":1264,"column":12},"end":{"line":1264,"column":60}},"type":"if","locations":[{"start":{"line":1264,"column":12},"end":{"line":1264,"column":60}},{"start":{"line":1264,"column":12},"end":{"line":1264,"column":60}}],"line":1264},"125":{"loc":{"start":{"line":1265,"column":12},"end":{"line":1265,"column":75}},"type":"if","locations":[{"start":{"line":1265,"column":12},"end":{"line":1265,"column":75}},{"start":{"line":1265,"column":12},"end":{"line":1265,"column":75}}],"line":1265},"126":{"loc":{"start":{"line":1273,"column":12},"end":{"line":1275,"column":13}},"type":"if","locations":[{"start":{"line":1273,"column":12},"end":{"line":1275,"column":13}},{"start":{"line":1273,"column":12},"end":{"line":1275,"column":13}}],"line":1273},"127":{"loc":{"start":{"line":1277,"column":12},"end":{"line":1290,"column":13}},"type":"switch","locations":[{"start":{"line":1278,"column":16},"end":{"line":1282,"column":26}},{"start":{"line":1283,"column":16},"end":{"line":1287,"column":26}},{"start":{"line":1289,"column":16},"end":{"line":1289,"column":39}}],"line":1277},"128":{"loc":{"start":{"line":1311,"column":25},"end":{"line":1311,"column":55}},"type":"binary-expr","locations":[{"start":{"line":1311,"column":25},"end":{"line":1311,"column":28}},{"start":{"line":1311,"column":32},"end":{"line":1311,"column":55}}],"line":1311},"129":{"loc":{"start":{"line":1312,"column":42},"end":{"line":1312,"column":63}},"type":"binary-expr","locations":[{"start":{"line":1312,"column":42},"end":{"line":1312,"column":48}},{"start":{"line":1312,"column":52},"end":{"line":1312,"column":63}}],"line":1312},"130":{"loc":{"start":{"line":1375,"column":24},"end":{"line":1375,"column":87}},"type":"cond-expr","locations":[{"start":{"line":1375,"column":65},"end":{"line":1375,"column":79}},{"start":{"line":1375,"column":82},"end":{"line":1375,"column":87}}],"line":1375},"131":{"loc":{"start":{"line":1375,"column":24},"end":{"line":1375,"column":62}},"type":"binary-expr","locations":[{"start":{"line":1375,"column":24},"end":{"line":1375,"column":44}},{"start":{"line":1375,"column":48},"end":{"line":1375,"column":62}}],"line":1375},"132":{"loc":{"start":{"line":1404,"column":21},"end":{"line":1404,"column":54}},"type":"binary-expr","locations":[{"start":{"line":1404,"column":21},"end":{"line":1404,"column":27}},{"start":{"line":1404,"column":31},"end":{"line":1404,"column":54}}],"line":1404},"133":{"loc":{"start":{"line":1407,"column":19},"end":{"line":1407,"column":55}},"type":"cond-expr","locations":[{"start":{"line":1407,"column":34},"end":{"line":1407,"column":37}},{"start":{"line":1407,"column":40},"end":{"line":1407,"column":55}}],"line":1407},"134":{"loc":{"start":{"line":1412,"column":23},"end":{"line":1412,"column":46}},"type":"binary-expr","locations":[{"start":{"line":1412,"column":23},"end":{"line":1412,"column":37}},{"start":{"line":1412,"column":41},"end":{"line":1412,"column":46}}],"line":1412},"135":{"loc":{"start":{"line":1429,"column":21},"end":{"line":1429,"column":78}},"type":"cond-expr","locations":[{"start":{"line":1429,"column":49},"end":{"line":1429,"column":61}},{"start":{"line":1429,"column":64},"end":{"line":1429,"column":78}}],"line":1429},"136":{"loc":{"start":{"line":1443,"column":12},"end":{"line":1445,"column":13}},"type":"if","locations":[{"start":{"line":1443,"column":12},"end":{"line":1445,"column":13}},{"start":{"line":1443,"column":12},"end":{"line":1445,"column":13}}],"line":1443},"137":{"loc":{"start":{"line":1460,"column":21},"end":{"line":1460,"column":78}},"type":"cond-expr","locations":[{"start":{"line":1460,"column":49},"end":{"line":1460,"column":61}},{"start":{"line":1460,"column":64},"end":{"line":1460,"column":78}}],"line":1460},"138":{"loc":{"start":{"line":1473,"column":12},"end":{"line":1475,"column":13}},"type":"if","locations":[{"start":{"line":1473,"column":12},"end":{"line":1475,"column":13}},{"start":{"line":1473,"column":12},"end":{"line":1475,"column":13}}],"line":1473},"139":{"loc":{"start":{"line":1498,"column":12},"end":{"line":1500,"column":13}},"type":"if","locations":[{"start":{"line":1498,"column":12},"end":{"line":1500,"column":13}},{"start":{"line":1498,"column":12},"end":{"line":1500,"column":13}}],"line":1498},"140":{"loc":{"start":{"line":1498,"column":16},"end":{"line":1498,"column":56}},"type":"binary-expr","locations":[{"start":{"line":1498,"column":16},"end":{"line":1498,"column":33}},{"start":{"line":1498,"column":38},"end":{"line":1498,"column":55}}],"line":1498},"141":{"loc":{"start":{"line":1504,"column":12},"end":{"line":1506,"column":13}},"type":"if","locations":[{"start":{"line":1504,"column":12},"end":{"line":1506,"column":13}},{"start":{"line":1504,"column":12},"end":{"line":1506,"column":13}}],"line":1504},"142":{"loc":{"start":{"line":1531,"column":24},"end":{"line":1531,"column":39}},"type":"binary-expr","locations":[{"start":{"line":1531,"column":24},"end":{"line":1531,"column":34}},{"start":{"line":1531,"column":38},"end":{"line":1531,"column":39}}],"line":1531},"143":{"loc":{"start":{"line":1534,"column":19},"end":{"line":1534,"column":43}},"type":"cond-expr","locations":[{"start":{"line":1534,"column":30},"end":{"line":1534,"column":33}},{"start":{"line":1534,"column":36},"end":{"line":1534,"column":43}}],"line":1534},"144":{"loc":{"start":{"line":1539,"column":12},"end":{"line":1550,"column":13}},"type":"if","locations":[{"start":{"line":1539,"column":12},"end":{"line":1550,"column":13}},{"start":{"line":1539,"column":12},"end":{"line":1550,"column":13}}],"line":1539},"145":{"loc":{"start":{"line":1541,"column":16},"end":{"line":1546,"column":17}},"type":"if","locations":[{"start":{"line":1541,"column":16},"end":{"line":1546,"column":17}},{"start":{"line":1541,"column":16},"end":{"line":1546,"column":17}}],"line":1541},"146":{"loc":{"start":{"line":1544,"column":27},"end":{"line":1544,"column":54}},"type":"cond-expr","locations":[{"start":{"line":1544,"column":39},"end":{"line":1544,"column":43}},{"start":{"line":1544,"column":46},"end":{"line":1544,"column":54}}],"line":1544},"147":{"loc":{"start":{"line":1545,"column":30},"end":{"line":1545,"column":47}},"type":"cond-expr","locations":[{"start":{"line":1545,"column":41},"end":{"line":1545,"column":42}},{"start":{"line":1545,"column":45},"end":{"line":1545,"column":47}}],"line":1545},"148":{"loc":{"start":{"line":1561,"column":21},"end":{"line":1561,"column":54}},"type":"binary-expr","locations":[{"start":{"line":1561,"column":21},"end":{"line":1561,"column":27}},{"start":{"line":1561,"column":31},"end":{"line":1561,"column":54}}],"line":1561},"149":{"loc":{"start":{"line":1571,"column":23},"end":{"line":1571,"column":86}},"type":"cond-expr","locations":[{"start":{"line":1571,"column":64},"end":{"line":1571,"column":78}},{"start":{"line":1571,"column":81},"end":{"line":1571,"column":86}}],"line":1571},"150":{"loc":{"start":{"line":1571,"column":23},"end":{"line":1571,"column":61}},"type":"binary-expr","locations":[{"start":{"line":1571,"column":23},"end":{"line":1571,"column":43}},{"start":{"line":1571,"column":47},"end":{"line":1571,"column":61}}],"line":1571},"151":{"loc":{"start":{"line":1603,"column":21},"end":{"line":1603,"column":78}},"type":"cond-expr","locations":[{"start":{"line":1603,"column":49},"end":{"line":1603,"column":61}},{"start":{"line":1603,"column":64},"end":{"line":1603,"column":78}}],"line":1603},"152":{"loc":{"start":{"line":1616,"column":12},"end":{"line":1618,"column":13}},"type":"if","locations":[{"start":{"line":1616,"column":12},"end":{"line":1618,"column":13}},{"start":{"line":1616,"column":12},"end":{"line":1618,"column":13}}],"line":1616}},"s":{"0":1,"1":1,"2":1,"3":1,"4":1,"5":1,"6":1,"7":1,"8":0,"9":0,"10":0,"11":0,"12":1,"13":4,"14":1,"15":73,"16":0,"17":73,"18":73,"19":1,"20":74,"21":74,"22":74,"23":74,"24":74,"25":74,"26":74,"27":3,"28":1,"29":1,"30":1,"31":1,"32":1,"33":1,"34":0,"35":1,"36":0,"37":1,"38":15,"39":1,"40":2,"41":1,"42":0,"43":1,"44":60,"45":60,"46":12,"47":12,"48":12,"49":12,"50":12,"51":12,"52":12,"53":12,"54":0,"55":0,"56":0,"57":0,"58":0,"59":0,"60":0,"61":12,"62":60,"63":1,"64":0,"65":0,"66":0,"67":0,"68":0,"69":0,"70":0,"71":0,"72":0,"73":0,"74":0,"75":0,"76":0,"77":0,"78":0,"79":0,"80":0,"81":0,"82":0,"83":0,"84":0,"85":1,"86":28,"87":28,"88":28,"89":28,"90":28,"91":60,"92":60,"93":28,"94":1,"95":19,"96":1,"97":9,"98":1,"99":4,"100":4,"101":1,"102":1,"103":1,"104":1,"105":1,"106":0,"107":0,"108":1,"109":1,"110":1,"111":15,"112":15,"113":15,"114":15,"115":15,"116":24,"117":24,"118":24,"119":0,"120":0,"121":0,"122":0,"123":0,"124":0,"125":27,"126":26,"127":1,"128":1,"129":1,"130":0,"131":1,"132":55,"133":55,"134":54,"135":54,"136":1,"137":1,"138":1,"139":46,"140":46,"141":101,"142":46,"143":55,"144":12,"145":12,"146":12,"147":14,"148":15,"149":1,"150":5,"151":30,"152":0,"153":0,"154":0,"155":0,"156":0,"157":0,"158":0,"159":0,"160":7,"161":0,"162":0,"163":0,"164":0,"165":7,"166":0,"167":0,"168":0,"169":0,"170":0,"171":0,"172":0,"173":0,"174":3,"175":0,"176":0,"177":0,"178":0,"179":0,"180":0,"181":0,"182":0,"183":0,"184":0,"185":0,"186":0,"187":0,"188":0,"189":0,"190":0,"191":0,"192":0,"193":1,"194":0,"195":0,"196":0,"197":0,"198":0,"199":0,"200":0,"201":0,"202":0,"203":0,"204":1,"205":1,"206":1,"207":1,"208":1,"209":1,"210":1,"211":1,"212":1,"213":1,"214":1,"215":1,"216":1,"217":1,"218":1,"219":1,"220":1,"221":1,"222":1,"223":1,"224":0,"225":0,"226":0,"227":0,"228":0,"229":0,"230":1,"231":1,"232":0,"233":1,"234":0,"235":0,"236":0,"237":0,"238":0,"239":0,"240":0,"241":0,"242":0,"243":0,"244":0,"245":0,"246":0,"247":0,"248":0,"249":0,"250":0,"251":0,"252":0,"253":0,"254":0,"255":0,"256":0,"257":0,"258":0,"259":0,"260":1,"261":1,"262":1,"263":1,"264":0,"265":0,"266":0,"267":0,"268":0,"269":1,"270":1,"271":2,"272":6,"273":6,"274":6,"275":6,"276":0,"277":6,"278":6,"279":6,"280":6,"281":3,"282":3,"283":0,"284":0,"285":0,"286":0,"287":1,"288":3,"289":0,"290":3,"291":0,"292":0,"293":0,"294":0,"295":0,"296":0,"297":0,"298":0,"299":1,"300":1,"301":1,"302":1,"303":1,"304":1,"305":1,"306":1,"307":0,"308":0,"309":0,"310":0,"311":0,"312":0,"313":0,"314":0,"315":0,"316":0,"317":0,"318":0,"319":0,"320":0,"321":0,"322":0,"323":0,"324":0,"325":1,"326":1,"327":0,"328":0,"329":0,"330":0,"331":0,"332":0,"333":0,"334":0,"335":0,"336":0,"337":0,"338":0,"339":0,"340":0,"341":1,"342":1,"343":1,"344":1,"345":2,"346":2,"347":0,"348":0,"349":0,"350":0,"351":0,"352":0,"353":0,"354":0,"355":0,"356":0,"357":0,"358":0,"359":0,"360":1,"361":1,"362":3,"363":3,"364":1,"365":1,"366":1,"367":1,"368":1,"369":60,"370":60,"371":0,"372":0,"373":0,"374":60,"375":60,"376":0,"377":0,"378":0,"379":0,"380":0,"381":0,"382":0,"383":1,"384":0,"385":0,"386":0,"387":0,"388":0,"389":0,"390":0,"391":0,"392":1,"393":1,"394":0,"395":0,"396":0,"397":0,"398":0,"399":0,"400":0,"401":0,"402":0,"403":0,"404":0,"405":0,"406":0,"407":0,"408":0,"409":0,"410":0,"411":0,"412":0,"413":0,"414":0,"415":0,"416":0,"417":0,"418":0,"419":0,"420":0,"421":0,"422":0,"423":0,"424":0,"425":0,"426":0,"427":0,"428":0,"429":0,"430":0,"431":0,"432":0,"433":0,"434":0,"435":0,"436":0,"437":0,"438":0,"439":0,"440":0,"441":0,"442":0,"443":0,"444":0,"445":0,"446":0,"447":0,"448":0,"449":0,"450":0,"451":0,"452":1,"453":1,"454":1,"455":1,"456":60,"457":60,"458":0,"459":0,"460":60,"461":60,"462":0,"463":0,"464":0,"465":0,"466":0,"467":0,"468":1,"469":0,"470":0,"471":0,"472":0,"473":0,"474":0,"475":0,"476":0,"477":1,"478":1,"479":0,"480":0,"481":0,"482":0,"483":0,"484":0,"485":0,"486":0,"487":0,"488":0,"489":0,"490":0,"491":0,"492":0,"493":0,"494":0,"495":0,"496":0,"497":0,"498":0,"499":0,"500":1,"501":1,"502":1,"503":1,"504":1,"505":0,"506":0,"507":0,"508":0,"509":0,"510":0,"511":0,"512":0,"513":0,"514":0,"515":0,"516":0,"517":0,"518":0,"519":0,"520":0,"521":0,"522":0,"523":0,"524":0,"525":0,"526":0,"527":0,"528":0,"529":0,"530":0,"531":0,"532":0,"533":1,"534":1,"535":1,"536":0,"537":0,"538":0,"539":0,"540":0,"541":0,"542":0,"543":0,"544":1,"545":1,"546":2,"547":2,"548":2,"549":1,"550":2,"551":0,"552":0,"553":0,"554":0,"555":1,"556":1,"557":2,"558":2,"559":2,"560":1,"561":2,"562":0,"563":0,"564":0,"565":1,"566":1,"567":0,"568":1,"569":1,"570":1,"571":0,"572":0,"573":0,"574":0,"575":0,"576":1,"577":1,"578":1,"579":1,"580":0,"581":0,"582":0,"583":0,"584":0,"585":0,"586":0,"587":0,"588":0,"589":0,"590":0,"591":0,"592":0,"593":0,"594":0,"595":0,"596":0,"597":0,"598":0,"599":0,"600":0,"601":0,"602":1,"603":1,"604":0,"605":0,"606":1,"607":1,"608":2,"609":2,"610":2,"611":1,"612":2,"613":0,"614":0,"615":0},"f":{"0":1,"1":0,"2":4,"3":73,"4":74,"5":0,"6":0,"7":15,"8":2,"9":0,"10":60,"11":0,"12":28,"13":19,"14":9,"15":4,"16":1,"17":1,"18":1,"19":15,"20":24,"21":0,"22":0,"23":27,"24":1,"25":55,"26":46,"27":101,"28":12,"29":12,"30":12,"31":14,"32":15,"33":1,"34":5,"35":30,"36":0,"37":0,"38":0,"39":7,"40":0,"41":0,"42":0,"43":0,"44":3,"45":0,"46":0,"47":0,"48":0,"49":0,"50":0,"51":1,"52":0,"53":0,"54":0,"55":0,"56":0,"57":0,"58":0,"59":0,"60":0,"61":0,"62":1,"63":0,"64":0,"65":0,"66":1,"67":0,"68":0,"69":0,"70":0,"71":1,"72":1,"73":0,"74":0,"75":1,"76":2,"77":6,"78":1,"79":3,"80":0,"81":3,"82":0,"83":0,"84":0,"85":0,"86":0,"87":1,"88":1,"89":1,"90":0,"91":0,"92":0,"93":0,"94":0,"95":1,"96":0,"97":0,"98":0,"99":0,"100":1,"101":2,"102":0,"103":0,"104":0,"105":1,"106":3,"107":1,"108":60,"109":0,"110":0,"111":0,"112":0,"113":1,"114":0,"115":0,"116":0,"117":0,"118":0,"119":1,"120":60,"121":0,"122":0,"123":1,"124":0,"125":0,"126":0,"127":0,"128":0,"129":1,"130":0,"131":0,"132":0,"133":1,"134":0,"135":0,"136":0,"137":0,"138":0,"139":1,"140":2,"141":2,"142":0,"143":1,"144":2,"145":2,"146":0,"147":1,"148":0,"149":1,"150":0,"151":1,"152":0,"153":0,"154":0,"155":0,"156":1,"157":0,"158":1,"159":2,"160":2,"161":0},"b":{"0":[0,0],"1":[0,0],"2":[4,2],"3":[0,73],"4":[1,72],"5":[3,71],"6":[0,0],"7":[2,0],"8":[60,0],"9":[12,12,12,12,0,0,0,12],"10":[0,0],"11":[0,0,0,0,0,0,0,0,0],"12":[28,0],"13":[60,0],"14":[2,2],"15":[0,1],"16":[24,0],"17":[0,0],"18":[26,1],"19":[1,0],"20":[0,55],"21":[55,0],"22":[54,1],"23":[0,46],"24":[46,0],"25":[46,55],"26":[101,101,55],"27":[0,0],"28":[0,0],"29":[0,0],"30":[0,0],"31":[0,0],"32":[0,0],"33":[0,0,0,0,7,0,0,0,0],"34":[0,0],"35":[0,0],"36":[0,0],"37":[0,0],"38":[0,0],"39":[1,0],"40":[0,1],"41":[0,0],"42":[0,0],"43":[0,0],"44":[0,0],"45":[0,0],"46":[0,0],"47":[0,0],"48":[0,0],"49":[0,0],"50":[0,0],"51":[0,0],"52":[0,0],"53":[0,0],"54":[0,0],"55":[6,0],"56":[0,6],"57":[6,6],"58":[3,3,0,0,0,0],"59":[1,1],"60":[1,0],"61":[1,1],"62":[0,0],"63":[0,0],"64":[0,0],"65":[0,0],"66":[0,0],"67":[0,0],"68":[0,0],"69":[1,1],"70":[1,1],"71":[0,0],"72":[0,0],"73":[0,0],"74":[0,0],"75":[0,0],"76":[0,0],"77":[3,2,1],"78":[60,0],"79":[0,60],"80":[0,0],"81":[0,0],"82":[0,0],"83":[0,0],"84":[0,0],"85":[0,0],"86":[0,0],"87":[0,0],"88":[0,0],"89":[0,0],"90":[0,0],"91":[0,0],"92":[0,0],"93":[0,0],"94":[0,0],"95":[0,0],"96":[0,0],"97":[0,0],"98":[0,0],"99":[0,0],"100":[0,0],"101":[0,0],"102":[0,0],"103":[0,0],"104":[0,0],"105":[0,0],"106":[0,0],"107":[0,0],"108":[0,0],"109":[0,0],"110":[0,0],"111":[0,0],"112":[0,0],"113":[0,0],"114":[0,0],"115":[60,0],"116":[0,60],"117":[0,0],"118":[0,0],"119":[0,0],"120":[0,0],"121":[0,0],"122":[0,0],"123":[0,0],"124":[0,0],"125":[0,0],"126":[0,0],"127":[0,0,0],"128":[0,0],"129":[0,0],"130":[0,0],"131":[0,0],"132":[0,0],"133":[0,0],"134":[0,0],"135":[2,0],"136":[0,0],"137":[2,0],"138":[0,0],"139":[1,0],"140":[1,0],"141":[0,0],"142":[0,0],"143":[0,0],"144":[0,0],"145":[0,0],"146":[0,0],"147":[0,0],"148":[0,0],"149":[0,0],"150":[0,0],"151":[2,0],"152":[0,0]},"_coverageSchema":"1a1c01bbd47fc00a2c39e90264f33305004495a9","hash":"12436b454a02838d5a2d68a1035816d289426473","contentHash":"530cfca39ffae0f40dcbb93a5267996602523e65765c9f8da447742ab22bf521"}}